"../../../Engine/Content/Functions/Engine_MaterialFunctions01/Shading/PowerToRoughness.uasset" 0
"../../../Engine/Content/Functions/Engine_MaterialFunctions01/Shading/PowerToRoughness.uexp" 1
"../../../Engine/Content/Functions/Engine_MaterialFunctions01/Shading/ConvertFromDiffSpec.uasset" 2
"../../../Engine/Content/Functions/Engine_MaterialFunctions01/Shading/ConvertFromDiffSpec.uexp" 3
"../../../Engine/Content/EngineSounds/Master.uasset" 4
"../../../Engine/Content/EngineSounds/Master.uexp" 5
"../../../Engine/Content/EngineSky/VolumetricClouds/CloudWeatherTexture.uasset" 6
"../../../Engine/Content/EngineSky/VolumetricClouds/CloudWeatherTexture.uexp" 7
"../../../Engine/Content/Functions/Engine_MaterialFunctions02/Utility/MakeFloat2.uasset" 8
"../../../Engine/Content/Functions/Engine_MaterialFunctions02/Utility/MakeFloat2.uexp" 9
"../../../Engine/Content/EngineSky/VolumetricClouds/CloudGradientTexture.uasset" 10
"../../../Engine/Content/EngineSky/VolumetricClouds/CloudGradientTexture.uexp" 11
"../../../Engine/Content/EngineSky/VolumetricClouds/T_NoiseShape64.ubulk" 12
"../../../Engine/Content/EngineSky/VolumetricClouds/T_NoiseShape64.uasset" 13
"../../../Engine/Content/EngineSky/VolumetricClouds/T_NoiseShape64.uexp" 14
"../../../Engine/Content/EngineSky/VolumetricClouds/T_VolumeNoiseShape64.uasset" 15
"../../../Engine/Content/EngineSky/VolumetricClouds/T_VolumeNoiseShape64.uexp" 16
"../../../Engine/Content/EngineSky/VolumetricClouds/T_NoiseErosion.ubulk" 17
"../../../Engine/Content/EngineSky/VolumetricClouds/T_NoiseErosion.uasset" 18
"../../../Engine/Content/EngineSky/VolumetricClouds/T_NoiseErosion.uexp" 19
"../../../Engine/Content/EngineSky/VolumetricClouds/T_VolumeNoiseErosion32.uasset" 20
"../../../Engine/Content/EngineSky/VolumetricClouds/T_VolumeNoiseErosion32.uexp" 21
"../../../Engine/Content/EngineSky/VolumetricClouds/m_SimpleVolumetricCloud.uasset" 22
"../../../Engine/Content/EngineSky/VolumetricClouds/m_SimpleVolumetricCloud.uexp" 23
"../../../Engine/Content/EngineSky/VolumetricClouds/m_SimpleVolumetricCloud_Inst.uasset" 24
"../../../Engine/Content/EngineSky/VolumetricClouds/m_SimpleVolumetricCloud_Inst.uexp" 25
"../../../Engine/Content/EngineResources/GradientTexture0.uasset" 26
"../../../Engine/Content/EngineResources/GradientTexture0.uexp" 27
"../../../Engine/Content/EngineResources/DefaultVolumeTexture2D.uasset" 28
"../../../Engine/Content/EngineResources/DefaultVolumeTexture2D.uexp" 29
"../../../Engine/Content/EngineResources/DefaultVolumeTexture.uasset" 30
"../../../Engine/Content/EngineResources/DefaultVolumeTexture.uexp" 31
"../../../Engine/Content/EngineResources/DefaultTextureCube.uasset" 32
"../../../Engine/Content/EngineResources/DefaultTextureCube.uexp" 33
"../../../Engine/Content/EngineResources/DefaultTexture.ubulk" 34
"../../../Engine/Content/EngineResources/DefaultTexture.uasset" 35
"../../../Engine/Content/EngineResources/DefaultTexture.uexp" 36
"../../../Engine/Content/EngineResources/Black.uasset" 37
"../../../Engine/Content/EngineResources/Black.uexp" 38
"../../../Engine/Content/EngineResources/FilmGrains/Marcie_Grain_v3_128_M2_000.uasset" 39
"../../../Engine/Content/EngineResources/FilmGrains/Marcie_Grain_v3_128_M2_000.uexp" 40
"../../../Engine/Content/EngineMeshes/Sphere.ubulk" 41
"../../../Engine/Content/EngineMeshes/Sphere.uasset" 42
"../../../Engine/Content/EngineMeshes/Sphere.uexp" 43
"../../../Engine/Content/EngineResources/WhiteSquareTexture.uasset" 44
"../../../Engine/Content/EngineResources/WhiteSquareTexture.uexp" 45
"../../../Engine/Content/EngineMaterials/Widget3DPassThrough.uasset" 46
"../../../Engine/Content/EngineMaterials/Widget3DPassThrough.uexp" 47
"../../../Engine/Content/EngineMaterials/Widget3DPassThrough_Translucent.uasset" 48
"../../../Engine/Content/EngineMaterials/Widget3DPassThrough_Translucent.uexp" 49
"../../../Engine/Content/EngineMaterials/Widget3DPassThrough_Translucent_OneSided.uasset" 50
"../../../Engine/Content/EngineMaterials/Widget3DPassThrough_Translucent_OneSided.uexp" 51
"../../../Engine/Content/EngineMaterials/Widget3DPassThrough_Opaque.uasset" 52
"../../../Engine/Content/EngineMaterials/Widget3DPassThrough_Opaque.uexp" 53
"../../../Engine/Content/EngineMaterials/Widget3DPassThrough_Opaque_OneSided.uasset" 54
"../../../Engine/Content/EngineMaterials/Widget3DPassThrough_Opaque_OneSided.uexp" 55
"../../../Engine/Content/EngineMaterials/Widget3DPassThrough_Masked_OneSided.uasset" 56
"../../../Engine/Content/EngineMaterials/Widget3DPassThrough_Masked_OneSided.uexp" 57
"../../../Engine/Content/EngineMaterials/Widget3DPassThrough_Masked.uasset" 58
"../../../Engine/Content/EngineMaterials/Widget3DPassThrough_Masked.uexp" 59
"../../../Engine/Content/EngineMaterials/WeightMapPlaceholderTexture.uasset" 60
"../../../Engine/Content/EngineMaterials/WeightMapPlaceholderTexture.uexp" 61
"../../../Engine/Content/EngineMaterials/RemoveSurfaceMaterial.uasset" 62
"../../../Engine/Content/EngineMaterials/RemoveSurfaceMaterial.uexp" 63
"../../../Engine/Content/EngineMaterials/PreintegratedSkinBRDF.uasset" 64
"../../../Engine/Content/EngineMaterials/PreintegratedSkinBRDF.uexp" 65
"../../../Engine/Content/EngineMaterials/DefaultCalibrationGrayscale.uasset" 66
"../../../Engine/Content/EngineMaterials/DefaultCalibrationGrayscale.uexp" 67
"../../../Engine/Content/EngineMaterials/PPM_DefaultCalibrationGrayscale.uasset" 68
"../../../Engine/Content/EngineMaterials/PPM_DefaultCalibrationGrayscale.uexp" 69
"../../../Engine/Content/EngineMaterials/DefaultCalibrationColor.uasset" 70
"../../../Engine/Content/EngineMaterials/DefaultCalibrationColor.uexp" 71
"../../../Engine/Content/EngineMaterials/PPM_DefaultCalibrationColor.uasset" 72
"../../../Engine/Content/EngineMaterials/PPM_DefaultCalibrationColor.uexp" 73
"../../../Engine/Content/Functions/Engine_MaterialFunctions02/WorldPositionOffset/CameraOffset.uasset" 74
"../../../Engine/Content/Functions/Engine_MaterialFunctions02/WorldPositionOffset/CameraOffset.uexp" 75
"../../../Engine/Content/EngineMaterials/PhAT_JointLimitMaterial.uasset" 76
"../../../Engine/Content/EngineMaterials/PhAT_JointLimitMaterial.uexp" 77
"../../../Engine/Content/EngineMaterials/InvalidLightmapSettings.ubulk" 78
"../../../Engine/Content/EngineMaterials/InvalidLightmapSettings.uasset" 79
"../../../Engine/Content/EngineMaterials/InvalidLightmapSettings.uexp" 80
"../../../Engine/Content/EngineMaterials/M_InvalidLightmapSettings.uasset" 81
"../../../Engine/Content/EngineMaterials/M_InvalidLightmapSettings.uexp" 82
"../../../Engine/Content/EngineMaterials/MiniFont.uasset" 83
"../../../Engine/Content/EngineMaterials/MiniFont.uexp" 84
"../../../Engine/Content/EngineMaterials/Good64x64TilingNoiseHighFreq.uasset" 85
"../../../Engine/Content/EngineMaterials/Good64x64TilingNoiseHighFreq.uexp" 86
"../../../Engine/Content/EngineMaterials/GizmoMaterial.uasset" 87
"../../../Engine/Content/EngineMaterials/GizmoMaterial.uexp" 88
"../../../Engine/Content/EngineMaterials/BaseFlattenEmissiveMap_VT.uasset" 89
"../../../Engine/Content/EngineMaterials/BaseFlattenEmissiveMap_VT.uexp" 90
"../../../Engine/Content/EngineMaterials/BaseFlattenGrayscaleMap_VT.uasset" 91
"../../../Engine/Content/EngineMaterials/BaseFlattenGrayscaleMap_VT.uexp" 92
"../../../Engine/Content/EngineMaterials/BaseFlattenLinearColor_VT.uasset" 93
"../../../Engine/Content/EngineMaterials/BaseFlattenLinearColor_VT.uexp" 94
"../../../Engine/Content/EngineMaterials/Black_1x1_EXR_Texture_VT.uasset" 95
"../../../Engine/Content/EngineMaterials/Black_1x1_EXR_Texture_VT.uexp" 96
"../../../Engine/Content/EngineMaterials/BaseFlattenDiffuseMap_VT.uasset" 97
"../../../Engine/Content/EngineMaterials/BaseFlattenDiffuseMap_VT.uexp" 98
"../../../Engine/Content/EngineMaterials/BaseFlattenNormalMap_VT.uasset" 99
"../../../Engine/Content/EngineMaterials/BaseFlattenNormalMap_VT.uexp" 100
"../../../Engine/Content/EngineMaterials/FlattenMaterial_WS_Normal_VT.uasset" 101
"../../../Engine/Content/EngineMaterials/FlattenMaterial_WS_Normal_VT.uexp" 102
"../../../Engine/Content/EngineMaterials/FlattenMaterial_VT.uasset" 103
"../../../Engine/Content/EngineMaterials/FlattenMaterial_VT.uexp" 104
"../../../Engine/Content/EngineMaterials/BaseFlattenNormalMap.uasset" 105
"../../../Engine/Content/EngineMaterials/BaseFlattenNormalMap.uexp" 106
"../../../Engine/Content/EngineMaterials/BaseFlattenGrayscaleMap.uasset" 107
"../../../Engine/Content/EngineMaterials/BaseFlattenGrayscaleMap.uexp" 108
"../../../Engine/Content/EngineMaterials/BaseFlattenDiffuseMap.uasset" 109
"../../../Engine/Content/EngineMaterials/BaseFlattenDiffuseMap.uexp" 110
"../../../Engine/Content/Functions/Engine_MaterialFunctions02/PivotPainter2/Black_1x1_EXR_Texture.uasset" 111
"../../../Engine/Content/Functions/Engine_MaterialFunctions02/PivotPainter2/Black_1x1_EXR_Texture.uexp" 112
"../../../Engine/Content/EngineMaterials/BaseFlattenEmissiveMap.uasset" 113
"../../../Engine/Content/EngineMaterials/BaseFlattenEmissiveMap.uexp" 114
"../../../Engine/Content/EngineMaterials/BaseFlattenLinearColor.uasset" 115
"../../../Engine/Content/EngineMaterials/BaseFlattenLinearColor.uexp" 116
"../../../Engine/Content/EngineMaterials/FlattenMaterial.uasset" 117
"../../../Engine/Content/EngineMaterials/FlattenMaterial.uexp" 118
"../../../Engine/Content/EngineMaterials/DefaultWhiteGrid_Low.uasset" 119
"../../../Engine/Content/EngineMaterials/DefaultWhiteGrid_Low.uexp" 120
"../../../Engine/Content/EngineMaterials/EmissiveMeshMaterial.uasset" 121
"../../../Engine/Content/EngineMaterials/EmissiveMeshMaterial.uexp" 122
"../../../Engine/Content/EngineMaterials/DefaultWhiteGrid.ubulk" 123
"../../../Engine/Content/EngineMaterials/DefaultWhiteGrid.uasset" 124
"../../../Engine/Content/EngineMaterials/DefaultWhiteGrid.uexp" 125
"../../../Engine/Content/EngineFonts/RobotoDistanceField.uasset" 126
"../../../Engine/Content/EngineFonts/RobotoDistanceField.uexp" 127
"../../../Engine/Content/EngineMaterials/DefaultTextMaterialOpaque.uasset" 128
"../../../Engine/Content/EngineMaterials/DefaultTextMaterialOpaque.uexp" 129
"../../../Engine/Content/EngineMaterials/DefaultDiffuse.ubulk" 130
"../../../Engine/Content/EngineMaterials/DefaultDiffuse.uasset" 131
"../../../Engine/Content/EngineMaterials/DefaultDiffuse.uexp" 132
"../../../Engine/Content/Functions/Engine_MaterialFunctions02/Utility/BreakOutFloat2Components.uasset" 133
"../../../Engine/Content/Functions/Engine_MaterialFunctions02/Utility/BreakOutFloat2Components.uexp" 134
"../../../Engine/Content/EngineMaterials/DefaultPostProcessMaterial.uasset" 135
"../../../Engine/Content/EngineMaterials/DefaultPostProcessMaterial.uexp" 136
"../../../Engine/Content/EngineMaterials/DefaultPhysicalMaterial.uasset" 137
"../../../Engine/Content/EngineMaterials/DefaultPhysicalMaterial.uexp" 138
"../../../Engine/Content/EngineMaterials/DefaultLightFunctionMaterial.uasset" 139
"../../../Engine/Content/EngineMaterials/DefaultLightFunctionMaterial.uexp" 140
"../../../Engine/Content/EngineMaterials/DefaultDestructiblePhysicalMaterial.uasset" 141
"../../../Engine/Content/EngineMaterials/DefaultDestructiblePhysicalMaterial.uexp" 142
"../../../Engine/Content/EngineMaterials/DefaultDeferredDecalMaterial.uasset" 143
"../../../Engine/Content/EngineMaterials/DefaultDeferredDecalMaterial.uexp" 144
"../../../Engine/Content/EngineMaterials/DefaultBokeh.uasset" 145
"../../../Engine/Content/EngineMaterials/DefaultBokeh.uexp" 146
"../../../Engine/Content/EngineMaterials/DefaultBloomKernel.uasset" 147
"../../../Engine/Content/EngineMaterials/DefaultBloomKernel.uexp" 148
"../../../Engine/Content/EngineMaterials/BlueNoise.uasset" 149
"../../../Engine/Content/EngineMaterials/BlueNoise.uexp" 150
"../../../Engine/Content/EngineFonts/Faces/RobotoLight.uexp" 151
"../../../Engine/Content/EngineFonts/Faces/RobotoLight.uasset" 152
"../../../Engine/Content/EngineFonts/Faces/RobotoLight.ufont" 153
"../../../Engine/Content/EngineFonts/Faces/RobotoBold.uexp" 154
"../../../Engine/Content/EngineFonts/Faces/RobotoBold.uasset" 155
"../../../Engine/Content/EngineFonts/Faces/RobotoBold.ufont" 156
"../../../Engine/Content/EngineFonts/Faces/RobotoRegular.uexp" 157
"../../../Engine/Content/EngineFonts/Faces/RobotoRegular.uasset" 158
"../../../Engine/Content/EngineFonts/Faces/RobotoRegular.ufont" 159
"../../../Engine/Content/EngineFonts/Faces/DroidSansFallback.uexp" 160
"../../../Engine/Content/EngineFonts/Faces/DroidSansFallback.uasset" 161
"../../../Engine/Content/EngineFonts/Faces/DroidSansFallback.ufont" 162
"../../../Engine/Content/EngineFonts/Faces/RobotoItalic.uexp" 163
"../../../Engine/Content/EngineFonts/Faces/RobotoItalic.uasset" 164
"../../../Engine/Content/EngineFonts/Faces/RobotoItalic.ufont" 165
"../../../Engine/Content/EngineFonts/Faces/RobotoBoldItalic.uexp" 166
"../../../Engine/Content/EngineFonts/Faces/RobotoBoldItalic.uasset" 167
"../../../Engine/Content/EngineFonts/Faces/RobotoBoldItalic.ufont" 168
"../../../Engine/Content/EngineFonts/Roboto.uasset" 169
"../../../Engine/Content/EngineFonts/Roboto.uexp" 170
"../../../Engine/Content/Functions/Engine_MaterialFunctions02/Utility/CameraDirectionVector.uasset" 171
"../../../Engine/Content/Functions/Engine_MaterialFunctions02/Utility/CameraDirectionVector.uexp" 172
"../../../Engine/Content/EngineDebugMaterials/VolumeToRender.uasset" 173
"../../../Engine/Content/EngineDebugMaterials/VolumeToRender.uexp" 174
"../../../Engine/Content/EngineDebugMaterials/M_VolumeRenderSphereTracePP.uasset" 175
"../../../Engine/Content/EngineDebugMaterials/M_VolumeRenderSphereTracePP.uexp" 176
"../../../Engine/Content/EngineDebugMaterials/M_SimpleUnlitTranslucent.uasset" 177
"../../../Engine/Content/EngineDebugMaterials/M_SimpleUnlitTranslucent.uexp" 178
"../../../Engine/Content/EngineDebugMaterials/DebugMeshMaterial.uasset" 179
"../../../Engine/Content/EngineDebugMaterials/DebugMeshMaterial.uexp" 180
"../../../Engine/Content/EngineDebugMaterials/DebugEditorMaterial.uasset" 181
"../../../Engine/Content/EngineDebugMaterials/DebugEditorMaterial.uexp" 182
"../../../Engine/Content/EngineDamageTypes/DmgTypeBP_Environmental.uasset" 183
"../../../Engine/Content/EngineDamageTypes/DmgTypeBP_Environmental.uexp" 184
"../../../Engine/Content/EditorResources/S_TriggerSphere.uasset" 185
"../../../Engine/Content/EditorResources/S_TriggerSphere.uexp" 186
"../../../Engine/Content/EditorResources/S_TriggerCapsule.uasset" 187
"../../../Engine/Content/EditorResources/S_TriggerCapsule.uexp" 188
"../../../Engine/Content/EditorResources/S_TriggerBox.uasset" 189
"../../../Engine/Content/EditorResources/S_TriggerBox.uexp" 190
"../../../Engine/Content/EditorResources/S_Trigger.ubulk" 191
"../../../Engine/Content/EditorResources/S_Trigger.uasset" 192
"../../../Engine/Content/EditorResources/S_Trigger.uexp" 193
"../../../Engine/Content/EditorResources/S_Terrain.ubulk" 194
"../../../Engine/Content/EditorResources/S_Terrain.uasset" 195
"../../../Engine/Content/EditorResources/S_Terrain.uexp" 196
"../../../Engine/Content/EditorResources/S_Solver.ubulk" 197
"../../../Engine/Content/EditorResources/S_Solver.uasset" 198
"../../../Engine/Content/EditorResources/S_Solver.uexp" 199
"../../../Engine/Content/EditorResources/S_BoxReflectionCapture.uasset" 200
"../../../Engine/Content/EditorResources/S_BoxReflectionCapture.uexp" 201
"../../../Engine/Content/EditorResources/S_Actor.ubulk" 202
"../../../Engine/Content/EditorResources/S_Actor.uasset" 203
"../../../Engine/Content/EditorResources/S_Actor.uexp" 204
"../../../Engine/Content/EditorResources/EmptyActor.uasset" 205
"../../../Engine/Content/EditorResources/EmptyActor.uexp" 206
"../../../Engine/Content/EditorResources/BSPVertex.uasset" 207
"../../../Engine/Content/EditorResources/BSPVertex.uexp" 208
"../../../Engine/Content/EditorResources/SequenceRecorder/RecordingIndicator.uasset" 209
"../../../Engine/Content/EditorResources/SequenceRecorder/RecordingIndicator.uexp" 210
"../../../Engine/Content/EditorResources/SequenceRecorder/Countdown.uasset" 211
"../../../Engine/Content/EditorResources/SequenceRecorder/Countdown.uexp" 212
"../../../Engine/Content/EditorMaterials/Camera/CineMat.uasset" 213
"../../../Engine/Content/EditorMaterials/Camera/CineMat.uexp" 214
"../../../Engine/Content/EditorMaterials/Camera/MI_CineMat_Rig.uasset" 215
"../../../Engine/Content/EditorMaterials/Camera/MI_CineMat_Rig.uexp" 216
"../../../Engine/Content/EditorMeshes/Camera/SM_RailRig_Track.ubulk" 217
"../../../Engine/Content/EditorMeshes/Camera/SM_RailRig_Track.uasset" 218
"../../../Engine/Content/EditorMeshes/Camera/SM_RailRig_Track.uexp" 219
"../../../Engine/Content/EditorMeshes/Camera/SM_RailRig_Mount.ubulk" 220
"../../../Engine/Content/EditorMeshes/Camera/SM_RailRig_Mount.uasset" 221
"../../../Engine/Content/EditorMeshes/Camera/SM_RailRig_Mount.uexp" 222
"../../../Engine/Content/EditorMeshes/Camera/SM_CraneRig_Mount.ubulk" 223
"../../../Engine/Content/EditorMeshes/Camera/SM_CraneRig_Mount.uasset" 224
"../../../Engine/Content/EditorMeshes/Camera/SM_CraneRig_Mount.uexp" 225
"../../../Engine/Content/EditorMeshes/Camera/SM_CraneRig_Body.ubulk" 226
"../../../Engine/Content/EditorMeshes/Camera/SM_CraneRig_Body.uasset" 227
"../../../Engine/Content/EditorMeshes/Camera/SM_CraneRig_Body.uexp" 228
"../../../Engine/Content/EditorMeshes/Camera/SM_CraneRig_Base.ubulk" 229
"../../../Engine/Content/EditorMeshes/Camera/SM_CraneRig_Base.uasset" 230
"../../../Engine/Content/EditorMeshes/Camera/SM_CraneRig_Base.uexp" 231
"../../../Engine/Content/EditorMeshes/Camera/SM_CraneRig_Arm.ubulk" 232
"../../../Engine/Content/EditorMeshes/Camera/SM_CraneRig_Arm.uasset" 233
"../../../Engine/Content/EditorMeshes/Camera/SM_CraneRig_Arm.uexp" 234
"../../../Engine/Content/EditorMaterials/PreviewShadowIndicator.ubulk" 235
"../../../Engine/Content/EditorMaterials/PreviewShadowIndicator.uasset" 236
"../../../Engine/Content/EditorMaterials/PreviewShadowIndicator.uexp" 237
"../../../Engine/Content/EditorMaterials/PreviewShadowIndicatorMaterial.uasset" 238
"../../../Engine/Content/EditorMaterials/PreviewShadowIndicatorMaterial.uexp" 239
"../../../Engine/Content/EditorMaterials/MAT_Groups_Visibility.uasset" 240
"../../../Engine/Content/EditorMaterials/MAT_Groups_Visibility.uexp" 241
"../../../Engine/Content/EditorMaterials/MAT_Groups_Toggle.uasset" 242
"../../../Engine/Content/EditorMaterials/MAT_Groups_Toggle.uexp" 243
"../../../Engine/Content/Functions/Engine_MaterialFunctions02/Utility/MakeFloat4.uasset" 244
"../../../Engine/Content/Functions/Engine_MaterialFunctions02/Utility/MakeFloat4.uexp" 245
"../../../Engine/Content/Functions/Engine_MaterialFunctions02/Utility/MakeFloat3.uasset" 246
"../../../Engine/Content/Functions/Engine_MaterialFunctions02/Utility/MakeFloat3.uexp" 247
"../../../Engine/Content/Functions/Engine_MaterialFunctions02/Utility/BreakOutFloat3Components.uasset" 248
"../../../Engine/Content/Functions/Engine_MaterialFunctions02/Utility/BreakOutFloat3Components.uexp" 249
"../../../Engine/Content/EditorMaterials/WorldPartition/WorldPartitionSpatialHashGridPreviewMaterial.uasset" 250
"../../../Engine/Content/EditorMaterials/WorldPartition/WorldPartitionSpatialHashGridPreviewMaterial.uexp" 251
"../../../Engine/Content/EditorMaterials/ParticleSystems/PSysThumbnail_OOD.ubulk" 252
"../../../Engine/Content/EditorMaterials/ParticleSystems/PSysThumbnail_OOD.uasset" 253
"../../../Engine/Content/EditorMaterials/ParticleSystems/PSysThumbnail_OOD.uexp" 254
"../../../Engine/Content/EditorMaterials/ParticleSystems/PSysThumbnail_NoImage.ubulk" 255
"../../../Engine/Content/EditorMaterials/ParticleSystems/PSysThumbnail_NoImage.uasset" 256
"../../../Engine/Content/EditorMaterials/ParticleSystems/PSysThumbnail_NoImage.uexp" 257
"../../../Engine/Content/EditorMaterials/MatineeGroups/MAT_Groups_Vector.uasset" 258
"../../../Engine/Content/EditorMaterials/MatineeGroups/MAT_Groups_Vector.uexp" 259
"../../../Engine/Content/EditorMaterials/MatineeGroups/MAT_Groups_Sound.uasset" 260
"../../../Engine/Content/EditorMaterials/MatineeGroups/MAT_Groups_Sound.uexp" 261
"../../../Engine/Content/EditorMaterials/MatineeGroups/MAT_Groups_Slomo.uasset" 262
"../../../Engine/Content/EditorMaterials/MatineeGroups/MAT_Groups_Slomo.uexp" 263
"../../../Engine/Content/EditorMaterials/MatineeGroups/MAT_Groups_Move.uasset" 264
"../../../Engine/Content/EditorMaterials/MatineeGroups/MAT_Groups_Move.uexp" 265
"../../../Engine/Content/EditorMaterials/MatineeGroups/MAT_Groups_Float.uasset" 266
"../../../Engine/Content/EditorMaterials/MatineeGroups/MAT_Groups_Float.uexp" 267
"../../../Engine/Content/EditorMaterials/MatineeGroups/MAT_Groups_Fade.uasset" 268
"../../../Engine/Content/EditorMaterials/MatineeGroups/MAT_Groups_Fade.uexp" 269
"../../../Engine/Content/EditorMaterials/MatineeGroups/MAT_Groups_Event.uasset" 270
"../../../Engine/Content/EditorMaterials/MatineeGroups/MAT_Groups_Event.uexp" 271
"../../../Engine/Content/EditorMaterials/MatineeGroups/MAT_Groups_Director.uasset" 272
"../../../Engine/Content/EditorMaterials/MatineeGroups/MAT_Groups_Director.uexp" 273
"../../../Engine/Content/EditorMaterials/MatineeGroups/MAT_Groups_AudioMaster.uasset" 274
"../../../Engine/Content/EditorMaterials/MatineeGroups/MAT_Groups_AudioMaster.uexp" 275
"../../../Engine/Content/EditorMaterials/MatineeGroups/MAT_Groups_Anim.uasset" 276
"../../../Engine/Content/EditorMaterials/MatineeGroups/MAT_Groups_Anim.uexp" 277
"../../../Engine/Content/EditorMaterials/MatineeGroups/MAT_ColorTrack.uasset" 278
"../../../Engine/Content/EditorMaterials/MatineeGroups/MAT_ColorTrack.uexp" 279
"../../../Engine/Content/EditorLandscapeResources/DefaultAlphaTexture.uasset" 280
"../../../Engine/Content/EditorLandscapeResources/DefaultAlphaTexture.uexp" 281
"../../../Engine/Content/EditorLandscapeResources/DataLayer.uasset" 282
"../../../Engine/Content/EditorLandscapeResources/DataLayer.uexp" 283
"../../../Engine/Content/EngineMaterials/T_Default_Material_Grid_M.ubulk" 284
"../../../Engine/Content/EngineMaterials/T_Default_Material_Grid_M.uasset" 285
"../../../Engine/Content/EngineMaterials/T_Default_Material_Grid_M.uexp" 286
"../../../Engine/Content/EngineMaterials/T_Default_Material_Grid_N.ubulk" 287
"../../../Engine/Content/EngineMaterials/T_Default_Material_Grid_N.uasset" 288
"../../../Engine/Content/EngineMaterials/T_Default_Material_Grid_N.uexp" 289
"../../../Engine/Content/Functions/Engine_MaterialFunctions01/Opacity/CameraDepthFade.uasset" 290
"../../../Engine/Content/Functions/Engine_MaterialFunctions01/Opacity/CameraDepthFade.uexp" 291
"../../../Engine/Content/EngineMaterials/DefaultMaterial.uasset" 292
"../../../Engine/Content/EngineMaterials/DefaultMaterial.uexp" 293
"../../../Engine/Content/BasicShapes/Sphere.ubulk" 294
"../../../Engine/Content/BasicShapes/Sphere.uasset" 295
"../../../Engine/Content/BasicShapes/Sphere.uexp" 296
"../../../Engine/Content/EngineMaterials/WorldGridMaterial.uasset" 297
"../../../Engine/Content/EngineMaterials/WorldGridMaterial.uexp" 298
"../../../Engine/Content/BasicShapes/Plane.ubulk" 299
"../../../Engine/Content/BasicShapes/Plane.uasset" 300
"../../../Engine/Content/BasicShapes/Plane.uexp" 301
"../../../Engine/Content/BasicShapes/Cylinder.ubulk" 302
"../../../Engine/Content/BasicShapes/Cylinder.uasset" 303
"../../../Engine/Content/BasicShapes/Cylinder.uexp" 304
"../../../Engine/Content/BasicShapes/Cone.ubulk" 305
"../../../Engine/Content/BasicShapes/Cone.uasset" 306
"../../../Engine/Content/BasicShapes/Cone.uexp" 307
"../../../Engine/Content/ArtTools/RenderToTexture/Meshes/S_1_Unit_Plane.ubulk" 308
"../../../Engine/Content/ArtTools/RenderToTexture/Meshes/S_1_Unit_Plane.uasset" 309
"../../../Engine/Content/ArtTools/RenderToTexture/Meshes/S_1_Unit_Plane.uexp" 310
"C:/Users/Carlos/Documents/Unreal Projects/Creation2D/Content/SunnyLandAssets/spritesheets/player-jump.uasset" 311
"C:/Users/Carlos/Documents/Unreal Projects/Creation2D/Content/SunnyLandAssets/spritesheets/player-jump.uexp" 312
"C:/Users/Carlos/Documents/Unreal Projects/Creation2D/Content/SunnyLandAssets/spritesheets/player-idle.uasset" 313
"C:/Users/Carlos/Documents/Unreal Projects/Creation2D/Content/SunnyLandAssets/spritesheets/player-idle.uexp" 314
"C:/Users/Carlos/Documents/Unreal Projects/Creation2D/Content/SunnyLandAssets/spritesheets/player-hurt.uasset" 315
"C:/Users/Carlos/Documents/Unreal Projects/Creation2D/Content/SunnyLandAssets/spritesheets/player-hurt.uexp" 316
"C:/Users/Carlos/Documents/Unreal Projects/Creation2D/Content/SunnyLandAssets/spritesheets/player-crouch.uasset" 317
"C:/Users/Carlos/Documents/Unreal Projects/Creation2D/Content/SunnyLandAssets/spritesheets/player-crouch.uexp" 318
"C:/Users/Carlos/Documents/Unreal Projects/Creation2D/Content/SunnyLandAssets/spritesheets/player-climb.uasset" 319
"C:/Users/Carlos/Documents/Unreal Projects/Creation2D/Content/SunnyLandAssets/spritesheets/player-climb.uexp" 320
"C:/Users/Carlos/Documents/Unreal Projects/Creation2D/Content/SunnyLandAssets/spritesheets/payer-run.uasset" 321
"C:/Users/Carlos/Documents/Unreal Projects/Creation2D/Content/SunnyLandAssets/spritesheets/payer-run.uexp" 322
"C:/Users/Carlos/Documents/Unreal Projects/Creation2D/Content/SunnyLandAssets/spritesheets/oposum.uasset" 323
"C:/Users/Carlos/Documents/Unreal Projects/Creation2D/Content/SunnyLandAssets/spritesheets/oposum.uexp" 324
"C:/Users/Carlos/Documents/Unreal Projects/Creation2D/Content/SunnyLandAssets/spritesheets/gem.uasset" 325
"C:/Users/Carlos/Documents/Unreal Projects/Creation2D/Content/SunnyLandAssets/spritesheets/gem.uexp" 326
"C:/Users/Carlos/Documents/Unreal Projects/Creation2D/Content/SunnyLandAssets/spritesheets/frog-jump.uasset" 327
"C:/Users/Carlos/Documents/Unreal Projects/Creation2D/Content/SunnyLandAssets/spritesheets/frog-jump.uexp" 328
"C:/Users/Carlos/Documents/Unreal Projects/Creation2D/Content/SunnyLandAssets/spritesheets/frog-idle.uasset" 329
"C:/Users/Carlos/Documents/Unreal Projects/Creation2D/Content/SunnyLandAssets/spritesheets/frog-idle.uexp" 330
"C:/Users/Carlos/Documents/Unreal Projects/Creation2D/Content/SunnyLandAssets/spritesheets/enemy-deadth.uasset" 331
"C:/Users/Carlos/Documents/Unreal Projects/Creation2D/Content/SunnyLandAssets/spritesheets/enemy-deadth.uexp" 332
"C:/Users/Carlos/Documents/Unreal Projects/Creation2D/Content/SunnyLandAssets/spritesheets/eagle-attack.uasset" 333
"C:/Users/Carlos/Documents/Unreal Projects/Creation2D/Content/SunnyLandAssets/spritesheets/eagle-attack.uexp" 334
"C:/Users/Carlos/Documents/Unreal Projects/Creation2D/Content/SunnyLandAssets/spritesheets/cherry.uasset" 335
"C:/Users/Carlos/Documents/Unreal Projects/Creation2D/Content/SunnyLandAssets/spritesheets/cherry.uexp" 336
"C:/Users/Carlos/Documents/Unreal Projects/Creation2D/Content/SunnyLandAssets/sprites/player/hurt/player-hurt-2.uasset" 337
"C:/Users/Carlos/Documents/Unreal Projects/Creation2D/Content/SunnyLandAssets/sprites/player/hurt/player-hurt-2.uexp" 338
"C:/Users/Carlos/Documents/Unreal Projects/Creation2D/Content/SunnyLandAssets/sprites/player/hurt/player-hurt-1.uasset" 339
"C:/Users/Carlos/Documents/Unreal Projects/Creation2D/Content/SunnyLandAssets/sprites/player/hurt/player-hurt-1.uexp" 340
"C:/Users/Carlos/Documents/Unreal Projects/Creation2D/Content/SunnyLandAssets/sprites/player/crouch/player-crouch-2.uasset" 341
"C:/Users/Carlos/Documents/Unreal Projects/Creation2D/Content/SunnyLandAssets/sprites/player/crouch/player-crouch-2.uexp" 342
"C:/Users/Carlos/Documents/Unreal Projects/Creation2D/Content/SunnyLandAssets/sprites/player/crouch/player-crouch-1.uasset" 343
"C:/Users/Carlos/Documents/Unreal Projects/Creation2D/Content/SunnyLandAssets/sprites/player/crouch/player-crouch-1.uexp" 344
"C:/Users/Carlos/Documents/Unreal Projects/Creation2D/Content/SunnyLandAssets/sprites/player/climb/player-climb-3.uasset" 345
"C:/Users/Carlos/Documents/Unreal Projects/Creation2D/Content/SunnyLandAssets/sprites/player/climb/player-climb-3.uexp" 346
"C:/Users/Carlos/Documents/Unreal Projects/Creation2D/Content/SunnyLandAssets/sprites/player/climb/player-climb-2.uasset" 347
"C:/Users/Carlos/Documents/Unreal Projects/Creation2D/Content/SunnyLandAssets/sprites/player/climb/player-climb-2.uexp" 348
"C:/Users/Carlos/Documents/Unreal Projects/Creation2D/Content/SunnyLandAssets/sprites/player/climb/player-climb-1.uasset" 349
"C:/Users/Carlos/Documents/Unreal Projects/Creation2D/Content/SunnyLandAssets/sprites/player/climb/player-climb-1.uexp" 350
"C:/Users/Carlos/Documents/Unreal Projects/Creation2D/Content/SunnyLandAssets/sprites/opossum/opossum-6.uasset" 351
"C:/Users/Carlos/Documents/Unreal Projects/Creation2D/Content/SunnyLandAssets/sprites/opossum/opossum-6.uexp" 352
"C:/Users/Carlos/Documents/Unreal Projects/Creation2D/Content/SunnyLandAssets/sprites/opossum/opossum-5.uasset" 353
"C:/Users/Carlos/Documents/Unreal Projects/Creation2D/Content/SunnyLandAssets/sprites/opossum/opossum-5.uexp" 354
"C:/Users/Carlos/Documents/Unreal Projects/Creation2D/Content/SunnyLandAssets/sprites/opossum/opossum-4.uasset" 355
"C:/Users/Carlos/Documents/Unreal Projects/Creation2D/Content/SunnyLandAssets/sprites/opossum/opossum-4.uexp" 356
"C:/Users/Carlos/Documents/Unreal Projects/Creation2D/Content/SunnyLandAssets/sprites/opossum/opossum-3.uasset" 357
"C:/Users/Carlos/Documents/Unreal Projects/Creation2D/Content/SunnyLandAssets/sprites/opossum/opossum-3.uexp" 358
"C:/Users/Carlos/Documents/Unreal Projects/Creation2D/Content/SunnyLandAssets/sprites/opossum/opossum-2.uasset" 359
"C:/Users/Carlos/Documents/Unreal Projects/Creation2D/Content/SunnyLandAssets/sprites/opossum/opossum-2.uexp" 360
"C:/Users/Carlos/Documents/Unreal Projects/Creation2D/Content/SunnyLandAssets/sprites/opossum/opossum-1.uasset" 361
"C:/Users/Carlos/Documents/Unreal Projects/Creation2D/Content/SunnyLandAssets/sprites/opossum/opossum-1.uexp" 362
"C:/Users/Carlos/Documents/Unreal Projects/Creation2D/Content/SunnyLandAssets/sprites/item-feedback/item-feedback-4.uasset" 363
"C:/Users/Carlos/Documents/Unreal Projects/Creation2D/Content/SunnyLandAssets/sprites/item-feedback/item-feedback-4.uexp" 364
"C:/Users/Carlos/Documents/Unreal Projects/Creation2D/Content/SunnyLandAssets/sprites/item-feedback/item-feedback-3.uasset" 365
"C:/Users/Carlos/Documents/Unreal Projects/Creation2D/Content/SunnyLandAssets/sprites/item-feedback/item-feedback-3.uexp" 366
"C:/Users/Carlos/Documents/Unreal Projects/Creation2D/Content/SunnyLandAssets/sprites/item-feedback/item-feedback-2.uasset" 367
"C:/Users/Carlos/Documents/Unreal Projects/Creation2D/Content/SunnyLandAssets/sprites/item-feedback/item-feedback-2.uexp" 368
"C:/Users/Carlos/Documents/Unreal Projects/Creation2D/Content/SunnyLandAssets/sprites/item-feedback/item-feedback-1.uasset" 369
"C:/Users/Carlos/Documents/Unreal Projects/Creation2D/Content/SunnyLandAssets/sprites/item-feedback/item-feedback-1.uexp" 370
"C:/Users/Carlos/Documents/Unreal Projects/Creation2D/Content/SunnyLandAssets/sprites/gem/gem-5.uasset" 371
"C:/Users/Carlos/Documents/Unreal Projects/Creation2D/Content/SunnyLandAssets/sprites/gem/gem-5.uexp" 372
"C:/Users/Carlos/Documents/Unreal Projects/Creation2D/Content/SunnyLandAssets/sprites/gem/gem-4.uasset" 373
"C:/Users/Carlos/Documents/Unreal Projects/Creation2D/Content/SunnyLandAssets/sprites/gem/gem-4.uexp" 374
"C:/Users/Carlos/Documents/Unreal Projects/Creation2D/Content/SunnyLandAssets/sprites/gem/gem-3.uasset" 375
"C:/Users/Carlos/Documents/Unreal Projects/Creation2D/Content/SunnyLandAssets/sprites/gem/gem-3.uexp" 376
"C:/Users/Carlos/Documents/Unreal Projects/Creation2D/Content/SunnyLandAssets/sprites/gem/gem-2.uasset" 377
"C:/Users/Carlos/Documents/Unreal Projects/Creation2D/Content/SunnyLandAssets/sprites/gem/gem-2.uexp" 378
"C:/Users/Carlos/Documents/Unreal Projects/Creation2D/Content/SunnyLandAssets/sprites/gem/gem-1.uasset" 379
"C:/Users/Carlos/Documents/Unreal Projects/Creation2D/Content/SunnyLandAssets/sprites/gem/gem-1.uexp" 380
"C:/Users/Carlos/Documents/Unreal Projects/Creation2D/Content/SunnyLandAssets/sprites/frog/jump/frog-jump-2.uasset" 381
"C:/Users/Carlos/Documents/Unreal Projects/Creation2D/Content/SunnyLandAssets/sprites/frog/jump/frog-jump-2.uexp" 382
"C:/Users/Carlos/Documents/Unreal Projects/Creation2D/Content/SunnyLandAssets/sprites/frog/jump/frog-jump-1.uasset" 383
"C:/Users/Carlos/Documents/Unreal Projects/Creation2D/Content/SunnyLandAssets/sprites/frog/jump/frog-jump-1.uexp" 384
"C:/Users/Carlos/Documents/Unreal Projects/Creation2D/Content/SunnyLandAssets/sprites/frog/idle/frog-idle-4.uasset" 385
"C:/Users/Carlos/Documents/Unreal Projects/Creation2D/Content/SunnyLandAssets/sprites/frog/idle/frog-idle-4.uexp" 386
"C:/Users/Carlos/Documents/Unreal Projects/Creation2D/Content/SunnyLandAssets/sprites/frog/idle/frog-idle-3.uasset" 387
"C:/Users/Carlos/Documents/Unreal Projects/Creation2D/Content/SunnyLandAssets/sprites/frog/idle/frog-idle-3.uexp" 388
"C:/Users/Carlos/Documents/Unreal Projects/Creation2D/Content/SunnyLandAssets/sprites/frog/idle/frog-idle-2.uasset" 389
"C:/Users/Carlos/Documents/Unreal Projects/Creation2D/Content/SunnyLandAssets/sprites/frog/idle/frog-idle-2.uexp" 390
"C:/Users/Carlos/Documents/Unreal Projects/Creation2D/Content/SunnyLandAssets/sprites/frog/idle/frog-idle-1.uasset" 391
"C:/Users/Carlos/Documents/Unreal Projects/Creation2D/Content/SunnyLandAssets/sprites/frog/idle/frog-idle-1.uexp" 392
"C:/Users/Carlos/Documents/Unreal Projects/Creation2D/Content/SunnyLandAssets/sprites/enemy-death/enemy-death-6.uasset" 393
"C:/Users/Carlos/Documents/Unreal Projects/Creation2D/Content/SunnyLandAssets/sprites/enemy-death/enemy-death-6.uexp" 394
"C:/Users/Carlos/Documents/Unreal Projects/Creation2D/Content/SunnyLandAssets/sprites/enemy-death/enemy-death-5.uasset" 395
"C:/Users/Carlos/Documents/Unreal Projects/Creation2D/Content/SunnyLandAssets/sprites/enemy-death/enemy-death-5.uexp" 396
"C:/Users/Carlos/Documents/Unreal Projects/Creation2D/Content/SunnyLandAssets/sprites/enemy-death/enemy-death-4.uasset" 397
"C:/Users/Carlos/Documents/Unreal Projects/Creation2D/Content/SunnyLandAssets/sprites/enemy-death/enemy-death-4.uexp" 398
"C:/Users/Carlos/Documents/Unreal Projects/Creation2D/Content/SunnyLandAssets/sprites/enemy-death/enemy-death-3.uasset" 399
"C:/Users/Carlos/Documents/Unreal Projects/Creation2D/Content/SunnyLandAssets/sprites/enemy-death/enemy-death-3.uexp" 400
"C:/Users/Carlos/Documents/Unreal Projects/Creation2D/Content/SunnyLandAssets/sprites/enemy-death/enemy-death-2.uasset" 401
"C:/Users/Carlos/Documents/Unreal Projects/Creation2D/Content/SunnyLandAssets/sprites/enemy-death/enemy-death-2.uexp" 402
"C:/Users/Carlos/Documents/Unreal Projects/Creation2D/Content/SunnyLandAssets/sprites/enemy-death/enemy-death-1.uasset" 403
"C:/Users/Carlos/Documents/Unreal Projects/Creation2D/Content/SunnyLandAssets/sprites/enemy-death/enemy-death-1.uexp" 404
"C:/Users/Carlos/Documents/Unreal Projects/Creation2D/Content/SunnyLandAssets/sprites/eagle/eagle-attack-4.uasset" 405
"C:/Users/Carlos/Documents/Unreal Projects/Creation2D/Content/SunnyLandAssets/sprites/eagle/eagle-attack-4.uexp" 406
"C:/Users/Carlos/Documents/Unreal Projects/Creation2D/Content/SunnyLandAssets/sprites/eagle/eagle-attack-3.uasset" 407
"C:/Users/Carlos/Documents/Unreal Projects/Creation2D/Content/SunnyLandAssets/sprites/eagle/eagle-attack-3.uexp" 408
"C:/Users/Carlos/Documents/Unreal Projects/Creation2D/Content/SunnyLandAssets/sprites/eagle/eagle-attack-2.uasset" 409
"C:/Users/Carlos/Documents/Unreal Projects/Creation2D/Content/SunnyLandAssets/sprites/eagle/eagle-attack-2.uexp" 410
"C:/Users/Carlos/Documents/Unreal Projects/Creation2D/Content/SunnyLandAssets/sprites/eagle/eagle-attack-1.uasset" 411
"C:/Users/Carlos/Documents/Unreal Projects/Creation2D/Content/SunnyLandAssets/sprites/eagle/eagle-attack-1.uexp" 412
"C:/Users/Carlos/Documents/Unreal Projects/Creation2D/Content/SunnyLandAssets/sprites/cherry/cherry-7.uasset" 413
"C:/Users/Carlos/Documents/Unreal Projects/Creation2D/Content/SunnyLandAssets/sprites/cherry/cherry-7.uexp" 414
"C:/Users/Carlos/Documents/Unreal Projects/Creation2D/Content/SunnyLandAssets/sprites/cherry/cherry-6.uasset" 415
"C:/Users/Carlos/Documents/Unreal Projects/Creation2D/Content/SunnyLandAssets/sprites/cherry/cherry-6.uexp" 416
"C:/Users/Carlos/Documents/Unreal Projects/Creation2D/Content/SunnyLandAssets/sprites/cherry/cherry-5.uasset" 417
"C:/Users/Carlos/Documents/Unreal Projects/Creation2D/Content/SunnyLandAssets/sprites/cherry/cherry-5.uexp" 418
"C:/Users/Carlos/Documents/Unreal Projects/Creation2D/Content/SunnyLandAssets/sprites/cherry/cherry-4.uasset" 419
"C:/Users/Carlos/Documents/Unreal Projects/Creation2D/Content/SunnyLandAssets/sprites/cherry/cherry-4.uexp" 420
"C:/Users/Carlos/Documents/Unreal Projects/Creation2D/Content/SunnyLandAssets/sprites/cherry/cherry-3.uasset" 421
"C:/Users/Carlos/Documents/Unreal Projects/Creation2D/Content/SunnyLandAssets/sprites/cherry/cherry-3.uexp" 422
"C:/Users/Carlos/Documents/Unreal Projects/Creation2D/Content/SunnyLandAssets/sprites/cherry/cherry-2.uasset" 423
"C:/Users/Carlos/Documents/Unreal Projects/Creation2D/Content/SunnyLandAssets/sprites/cherry/cherry-2.uexp" 424
"C:/Users/Carlos/Documents/Unreal Projects/Creation2D/Content/SunnyLandAssets/sprites/cherry/cherry-1.uasset" 425
"C:/Users/Carlos/Documents/Unreal Projects/Creation2D/Content/SunnyLandAssets/sprites/cherry/cherry-1.uexp" 426
"C:/Users/Carlos/Documents/Unreal Projects/Creation2D/Content/SunnyLandAssets/environment/environment-preview.uasset" 427
"C:/Users/Carlos/Documents/Unreal Projects/Creation2D/Content/SunnyLandAssets/environment/environment-preview.uexp" 428
"C:/Users/Carlos/Documents/Unreal Projects/Creation2D/Content/SunnyLandAssets/environment/props/tree.uasset" 429
"C:/Users/Carlos/Documents/Unreal Projects/Creation2D/Content/SunnyLandAssets/environment/props/tree.uexp" 430
"C:/Users/Carlos/Documents/Unreal Projects/Creation2D/Content/SunnyLandAssets/environment/props/spikes.uasset" 431
"C:/Users/Carlos/Documents/Unreal Projects/Creation2D/Content/SunnyLandAssets/environment/props/spikes.uexp" 432
"C:/Users/Carlos/Documents/Unreal Projects/Creation2D/Content/SunnyLandAssets/environment/props/spikes-top.uasset" 433
"C:/Users/Carlos/Documents/Unreal Projects/Creation2D/Content/SunnyLandAssets/environment/props/spikes-top.uexp" 434
"C:/Users/Carlos/Documents/Unreal Projects/Creation2D/Content/SunnyLandAssets/environment/props/spike-skull.uasset" 435
"C:/Users/Carlos/Documents/Unreal Projects/Creation2D/Content/SunnyLandAssets/environment/props/spike-skull.uexp" 436
"C:/Users/Carlos/Documents/Unreal Projects/Creation2D/Content/SunnyLandAssets/environment/props/small-platform.uasset" 437
"C:/Users/Carlos/Documents/Unreal Projects/Creation2D/Content/SunnyLandAssets/environment/props/small-platform.uexp" 438
"C:/Users/Carlos/Documents/Unreal Projects/Creation2D/Content/SunnyLandAssets/environment/props/skulls.uasset" 439
"C:/Users/Carlos/Documents/Unreal Projects/Creation2D/Content/SunnyLandAssets/environment/props/skulls.uexp" 440
"C:/Users/Carlos/Documents/Unreal Projects/Creation2D/Content/SunnyLandAssets/environment/props/sign.uasset" 441
"C:/Users/Carlos/Documents/Unreal Projects/Creation2D/Content/SunnyLandAssets/environment/props/sign.uexp" 442
"C:/Users/Carlos/Documents/Unreal Projects/Creation2D/Content/SunnyLandAssets/environment/props/shrooms.uasset" 443
"C:/Users/Carlos/Documents/Unreal Projects/Creation2D/Content/SunnyLandAssets/environment/props/shrooms.uexp" 444
"C:/Users/Carlos/Documents/Unreal Projects/Creation2D/Content/SunnyLandAssets/environment/props/rock.uasset" 445
"C:/Users/Carlos/Documents/Unreal Projects/Creation2D/Content/SunnyLandAssets/environment/props/rock.uexp" 446
"C:/Users/Carlos/Documents/Unreal Projects/Creation2D/Content/SunnyLandAssets/environment/props/platform-long.uasset" 447
"C:/Users/Carlos/Documents/Unreal Projects/Creation2D/Content/SunnyLandAssets/environment/props/platform-long.uexp" 448
"C:/Users/Carlos/Documents/Unreal Projects/Creation2D/Content/SunnyLandAssets/environment/props/house.uasset" 449
"C:/Users/Carlos/Documents/Unreal Projects/Creation2D/Content/SunnyLandAssets/environment/props/house.uexp" 450
"C:/Users/Carlos/Documents/Unreal Projects/Creation2D/Content/SunnyLandAssets/environment/props/face-block.uasset" 451
"C:/Users/Carlos/Documents/Unreal Projects/Creation2D/Content/SunnyLandAssets/environment/props/face-block.uexp" 452
"C:/Users/Carlos/Documents/Unreal Projects/Creation2D/Content/SunnyLandAssets/environment/props/door.uasset" 453
"C:/Users/Carlos/Documents/Unreal Projects/Creation2D/Content/SunnyLandAssets/environment/props/door.uexp" 454
"C:/Users/Carlos/Documents/Unreal Projects/Creation2D/Content/SunnyLandAssets/environment/props/door-opened.uasset" 455
"C:/Users/Carlos/Documents/Unreal Projects/Creation2D/Content/SunnyLandAssets/environment/props/door-opened.uexp" 456
"C:/Users/Carlos/Documents/Unreal Projects/Creation2D/Content/SunnyLandAssets/environment/props/crate.uasset" 457
"C:/Users/Carlos/Documents/Unreal Projects/Creation2D/Content/SunnyLandAssets/environment/props/crate.uexp" 458
"C:/Users/Carlos/Documents/Unreal Projects/Creation2D/Content/SunnyLandAssets/environment/props/crank-up.uasset" 459
"C:/Users/Carlos/Documents/Unreal Projects/Creation2D/Content/SunnyLandAssets/environment/props/crank-up.uexp" 460
"C:/Users/Carlos/Documents/Unreal Projects/Creation2D/Content/SunnyLandAssets/environment/props/crank-down.uasset" 461
"C:/Users/Carlos/Documents/Unreal Projects/Creation2D/Content/SunnyLandAssets/environment/props/crank-down.uexp" 462
"C:/Users/Carlos/Documents/Unreal Projects/Creation2D/Content/SunnyLandAssets/environment/props/bush.uasset" 463
"C:/Users/Carlos/Documents/Unreal Projects/Creation2D/Content/SunnyLandAssets/environment/props/bush.uexp" 464
"C:/Users/Carlos/Documents/Unreal Projects/Creation2D/Content/SunnyLandAssets/environment/props/block.uasset" 465
"C:/Users/Carlos/Documents/Unreal Projects/Creation2D/Content/SunnyLandAssets/environment/props/block.uexp" 466
"C:/Users/Carlos/Documents/Unreal Projects/Creation2D/Content/SunnyLandAssets/environment/props/block-big.uasset" 467
"C:/Users/Carlos/Documents/Unreal Projects/Creation2D/Content/SunnyLandAssets/environment/props/block-big.uexp" 468
"C:/Users/Carlos/Documents/Unreal Projects/Creation2D/Content/SunnyLandAssets/environment/props/big-crate.uasset" 469
"C:/Users/Carlos/Documents/Unreal Projects/Creation2D/Content/SunnyLandAssets/environment/props/big-crate.uexp" 470
"C:/Users/Carlos/Documents/Unreal Projects/Creation2D/Content/SunnyLandAssets/environment/layers/tileset.uasset" 471
"C:/Users/Carlos/Documents/Unreal Projects/Creation2D/Content/SunnyLandAssets/environment/layers/tileset.uexp" 472
"C:/Users/Carlos/Documents/Unreal Projects/Creation2D/Content/SunnyLandAssets/environment/layers/tileset_TileSet.uasset" 473
"C:/Users/Carlos/Documents/Unreal Projects/Creation2D/Content/SunnyLandAssets/environment/layers/tileset_TileSet.uexp" 474
"C:/Users/Carlos/Documents/Unreal Projects/Creation2D/Content/SunnyLandAssets/environment/layers/TileMaps/tileset_Map1.uasset" 475
"C:/Users/Carlos/Documents/Unreal Projects/Creation2D/Content/SunnyLandAssets/environment/layers/TileMaps/tileset_Map1.uexp" 476
"C:/Users/Carlos/Documents/Unreal Projects/Creation2D/Content/SunnyLandAssets/environment/layers/TileMaps/tileset_TileMap.uasset" 477
"C:/Users/Carlos/Documents/Unreal Projects/Creation2D/Content/SunnyLandAssets/environment/layers/TileMaps/tileset_TileMap.uexp" 478
"C:/Users/Carlos/Documents/Unreal Projects/Creation2D/Content/SunnyLandAssets/environment/layers/props.uasset" 479
"C:/Users/Carlos/Documents/Unreal Projects/Creation2D/Content/SunnyLandAssets/environment/layers/props.uexp" 480
"C:/Users/Carlos/Documents/Unreal Projects/Creation2D/Content/Materials/MAT_Red.uasset" 481
"C:/Users/Carlos/Documents/Unreal Projects/Creation2D/Content/Materials/MAT_Red.uexp" 482
"C:/Users/Carlos/Documents/Unreal Projects/Creation2D/Content/Materials/MAT_Red_Inst.uasset" 483
"C:/Users/Carlos/Documents/Unreal Projects/Creation2D/Content/Materials/MAT_Red_Inst.uexp" 484
"C:/Users/Carlos/Documents/Unreal Projects/Creation2D/Content/LowPolyAssets/leaves.uasset" 485
"C:/Users/Carlos/Documents/Unreal Projects/Creation2D/Content/LowPolyAssets/leaves.uexp" 486
"C:/Users/Carlos/Documents/Unreal Projects/Creation2D/Content/LowPolyAssets/palm_detailed_long_Group_154.ubulk" 487
"C:/Users/Carlos/Documents/Unreal Projects/Creation2D/Content/LowPolyAssets/palm_detailed_long_Group_154.uasset" 488
"C:/Users/Carlos/Documents/Unreal Projects/Creation2D/Content/LowPolyAssets/palm_detailed_long_Group_154.uexp" 489
"C:/Users/Carlos/Documents/Unreal Projects/Creation2D/Content/LowPolyAssets/wood.uasset" 490
"C:/Users/Carlos/Documents/Unreal Projects/Creation2D/Content/LowPolyAssets/wood.uexp" 491
"C:/Users/Carlos/Documents/Unreal Projects/Creation2D/Content/LowPolyAssets/palm_detailed_long_Group_152.ubulk" 492
"C:/Users/Carlos/Documents/Unreal Projects/Creation2D/Content/LowPolyAssets/palm_detailed_long_Group_152.uasset" 493
"C:/Users/Carlos/Documents/Unreal Projects/Creation2D/Content/LowPolyAssets/palm_detailed_long_Group_152.uexp" 494
"C:/Users/Carlos/Documents/Unreal Projects/Creation2D/Content/Interfaces/BP_Blink.uasset" 495
"C:/Users/Carlos/Documents/Unreal Projects/Creation2D/Content/Interfaces/BP_Blink.uexp" 496
"C:/Users/Carlos/Documents/Unreal Projects/Creation2D/Content/Enums/ENum_Colour.uasset" 497
"C:/Users/Carlos/Documents/Unreal Projects/Creation2D/Content/Enums/ENum_Colour.uexp" 498
"../../../Engine/Content/BasicShapes/Cube.ubulk" 499
"../../../Engine/Content/BasicShapes/Cube.uasset" 500
"../../../Engine/Content/BasicShapes/Cube.uexp" 501
"C:/Users/Carlos/Documents/Unreal Projects/Creation2D/Content/Interfaces/BP_FlipCharacter.uasset" 502
"C:/Users/Carlos/Documents/Unreal Projects/Creation2D/Content/Interfaces/BP_FlipCharacter.uexp" 503
"C:/Users/Carlos/Documents/Unreal Projects/Creation2D/Content/Materials/MAT_Purple.uasset" 504
"C:/Users/Carlos/Documents/Unreal Projects/Creation2D/Content/Materials/MAT_Purple.uexp" 505
"C:/Users/Carlos/Documents/Unreal Projects/Creation2D/Content/UI/UI_Assets/Button_Hovered.uasset" 506
"C:/Users/Carlos/Documents/Unreal Projects/Creation2D/Content/UI/UI_Assets/Button_Hovered.uexp" 507
"C:/Users/Carlos/Documents/Unreal Projects/Creation2D/Content/UI/UI_Assets/Menu_BG.uasset" 508
"C:/Users/Carlos/Documents/Unreal Projects/Creation2D/Content/UI/UI_Assets/Menu_BG.uexp" 509
"C:/Users/Carlos/Documents/Unreal Projects/Creation2D/Content/SunnyLandAssets/environment/layers/back.uasset" 510
"C:/Users/Carlos/Documents/Unreal Projects/Creation2D/Content/SunnyLandAssets/environment/layers/back.uexp" 511
"C:/Users/Carlos/Documents/Unreal Projects/Creation2D/Content/SunnyLandAssets/environment/layers/back_Sprite.uasset" 512
"C:/Users/Carlos/Documents/Unreal Projects/Creation2D/Content/SunnyLandAssets/environment/layers/back_Sprite.uexp" 513
"C:/Users/Carlos/Documents/Unreal Projects/Creation2D/Content/UI/UI_Assets/Button_Normal.uasset" 514
"C:/Users/Carlos/Documents/Unreal Projects/Creation2D/Content/UI/UI_Assets/Button_Normal.uexp" 515
"C:/Users/Carlos/Documents/Unreal Projects/Creation2D/Content/UI/WB_SelectLevel.uasset" 516
"C:/Users/Carlos/Documents/Unreal Projects/Creation2D/Content/UI/WB_SelectLevel.uexp" 517
"C:/Users/Carlos/Documents/Unreal Projects/Creation2D/Content/UI/WB_MainMenu.uasset" 518
"C:/Users/Carlos/Documents/Unreal Projects/Creation2D/Content/UI/WB_MainMenu.uexp" 519
"C:/Users/Carlos/Documents/Unreal Projects/Creation2D/Content/UI/WB_PauseMenu.uasset" 520
"C:/Users/Carlos/Documents/Unreal Projects/Creation2D/Content/UI/WB_PauseMenu.uexp" 521
"../../../Engine/Content/EditorBlueprintResources/StandardMacros.uasset" 522
"../../../Engine/Content/EditorBlueprintResources/StandardMacros.uexp" 523
"C:/Users/Carlos/Documents/Unreal Projects/Creation2D/Content/SunnyLandAssets/sprites/player/run/player-run-6.uasset" 524
"C:/Users/Carlos/Documents/Unreal Projects/Creation2D/Content/SunnyLandAssets/sprites/player/run/player-run-6.uexp" 525
"C:/Users/Carlos/Documents/Unreal Projects/Creation2D/Content/SunnyLandAssets/sprites/player/run/player-run-6_Sprite.uasset" 526
"C:/Users/Carlos/Documents/Unreal Projects/Creation2D/Content/SunnyLandAssets/sprites/player/run/player-run-6_Sprite.uexp" 527
"C:/Users/Carlos/Documents/Unreal Projects/Creation2D/Content/SunnyLandAssets/sprites/player/run/player-run-5.uasset" 528
"C:/Users/Carlos/Documents/Unreal Projects/Creation2D/Content/SunnyLandAssets/sprites/player/run/player-run-5.uexp" 529
"C:/Users/Carlos/Documents/Unreal Projects/Creation2D/Content/SunnyLandAssets/sprites/player/run/player-run-5_Sprite.uasset" 530
"C:/Users/Carlos/Documents/Unreal Projects/Creation2D/Content/SunnyLandAssets/sprites/player/run/player-run-5_Sprite.uexp" 531
"C:/Users/Carlos/Documents/Unreal Projects/Creation2D/Content/SunnyLandAssets/sprites/player/run/player-run-4.uasset" 532
"C:/Users/Carlos/Documents/Unreal Projects/Creation2D/Content/SunnyLandAssets/sprites/player/run/player-run-4.uexp" 533
"C:/Users/Carlos/Documents/Unreal Projects/Creation2D/Content/SunnyLandAssets/sprites/player/run/player-run-4_Sprite.uasset" 534
"C:/Users/Carlos/Documents/Unreal Projects/Creation2D/Content/SunnyLandAssets/sprites/player/run/player-run-4_Sprite.uexp" 535
"C:/Users/Carlos/Documents/Unreal Projects/Creation2D/Content/SunnyLandAssets/sprites/player/run/player-run-3.uasset" 536
"C:/Users/Carlos/Documents/Unreal Projects/Creation2D/Content/SunnyLandAssets/sprites/player/run/player-run-3.uexp" 537
"C:/Users/Carlos/Documents/Unreal Projects/Creation2D/Content/SunnyLandAssets/sprites/player/run/player-run-3_Sprite.uasset" 538
"C:/Users/Carlos/Documents/Unreal Projects/Creation2D/Content/SunnyLandAssets/sprites/player/run/player-run-3_Sprite.uexp" 539
"C:/Users/Carlos/Documents/Unreal Projects/Creation2D/Content/SunnyLandAssets/sprites/player/run/player-run-2.uasset" 540
"C:/Users/Carlos/Documents/Unreal Projects/Creation2D/Content/SunnyLandAssets/sprites/player/run/player-run-2.uexp" 541
"C:/Users/Carlos/Documents/Unreal Projects/Creation2D/Content/SunnyLandAssets/sprites/player/run/player-run-2_Sprite.uasset" 542
"C:/Users/Carlos/Documents/Unreal Projects/Creation2D/Content/SunnyLandAssets/sprites/player/run/player-run-2_Sprite.uexp" 543
"C:/Users/Carlos/Documents/Unreal Projects/Creation2D/Content/SunnyLandAssets/sprites/player/run/player-run-1.uasset" 544
"C:/Users/Carlos/Documents/Unreal Projects/Creation2D/Content/SunnyLandAssets/sprites/player/run/player-run-1.uexp" 545
"C:/Users/Carlos/Documents/Unreal Projects/Creation2D/Content/SunnyLandAssets/sprites/player/run/player-run-1_Sprite.uasset" 546
"C:/Users/Carlos/Documents/Unreal Projects/Creation2D/Content/SunnyLandAssets/sprites/player/run/player-run-1_Sprite.uexp" 547
"C:/Users/Carlos/Documents/Unreal Projects/Creation2D/Content/SunnyLandAssets/sprites/player/run/PF_Player_Run.uasset" 548
"C:/Users/Carlos/Documents/Unreal Projects/Creation2D/Content/SunnyLandAssets/sprites/player/run/PF_Player_Run.uexp" 549
"C:/Users/Carlos/Documents/Unreal Projects/Creation2D/Content/SunnyLandAssets/sprites/player/jump/player-jump-2.uasset" 550
"C:/Users/Carlos/Documents/Unreal Projects/Creation2D/Content/SunnyLandAssets/sprites/player/jump/player-jump-2.uexp" 551
"C:/Users/Carlos/Documents/Unreal Projects/Creation2D/Content/SunnyLandAssets/sprites/player/jump/player-jump-2_Sprite.uasset" 552
"C:/Users/Carlos/Documents/Unreal Projects/Creation2D/Content/SunnyLandAssets/sprites/player/jump/player-jump-2_Sprite.uexp" 553
"C:/Users/Carlos/Documents/Unreal Projects/Creation2D/Content/SunnyLandAssets/sprites/player/jump/player-jump-1.uasset" 554
"C:/Users/Carlos/Documents/Unreal Projects/Creation2D/Content/SunnyLandAssets/sprites/player/jump/player-jump-1.uexp" 555
"C:/Users/Carlos/Documents/Unreal Projects/Creation2D/Content/SunnyLandAssets/sprites/player/jump/player-jump-1_Sprite.uasset" 556
"C:/Users/Carlos/Documents/Unreal Projects/Creation2D/Content/SunnyLandAssets/sprites/player/jump/player-jump-1_Sprite.uexp" 557
"C:/Users/Carlos/Documents/Unreal Projects/Creation2D/Content/SunnyLandAssets/sprites/player/jump/PF_Player_Jump.uasset" 558
"C:/Users/Carlos/Documents/Unreal Projects/Creation2D/Content/SunnyLandAssets/sprites/player/jump/PF_Player_Jump.uexp" 559
"C:/Users/Carlos/Documents/Unreal Projects/Creation2D/Content/SunnyLandAssets/sprites/player/idle/player-idle-4.uasset" 560
"C:/Users/Carlos/Documents/Unreal Projects/Creation2D/Content/SunnyLandAssets/sprites/player/idle/player-idle-4.uexp" 561
"C:/Users/Carlos/Documents/Unreal Projects/Creation2D/Content/SunnyLandAssets/sprites/player/idle/player-idle-4_Sprite.uasset" 562
"C:/Users/Carlos/Documents/Unreal Projects/Creation2D/Content/SunnyLandAssets/sprites/player/idle/player-idle-4_Sprite.uexp" 563
"C:/Users/Carlos/Documents/Unreal Projects/Creation2D/Content/SunnyLandAssets/sprites/player/idle/player-idle-3.uasset" 564
"C:/Users/Carlos/Documents/Unreal Projects/Creation2D/Content/SunnyLandAssets/sprites/player/idle/player-idle-3.uexp" 565
"C:/Users/Carlos/Documents/Unreal Projects/Creation2D/Content/SunnyLandAssets/sprites/player/idle/player-idle-3_Sprite.uasset" 566
"C:/Users/Carlos/Documents/Unreal Projects/Creation2D/Content/SunnyLandAssets/sprites/player/idle/player-idle-3_Sprite.uexp" 567
"C:/Users/Carlos/Documents/Unreal Projects/Creation2D/Content/SunnyLandAssets/sprites/player/idle/player-idle-2.uasset" 568
"C:/Users/Carlos/Documents/Unreal Projects/Creation2D/Content/SunnyLandAssets/sprites/player/idle/player-idle-2.uexp" 569
"C:/Users/Carlos/Documents/Unreal Projects/Creation2D/Content/SunnyLandAssets/sprites/player/idle/player-idle-2_Sprite.uasset" 570
"C:/Users/Carlos/Documents/Unreal Projects/Creation2D/Content/SunnyLandAssets/sprites/player/idle/player-idle-2_Sprite.uexp" 571
"C:/Users/Carlos/Documents/Unreal Projects/Creation2D/Content/SunnyLandAssets/sprites/player/idle/player-idle-1.uasset" 572
"C:/Users/Carlos/Documents/Unreal Projects/Creation2D/Content/SunnyLandAssets/sprites/player/idle/player-idle-1.uexp" 573
"C:/Users/Carlos/Documents/Unreal Projects/Creation2D/Content/SunnyLandAssets/sprites/player/idle/player-idle-1_Sprite.uasset" 574
"C:/Users/Carlos/Documents/Unreal Projects/Creation2D/Content/SunnyLandAssets/sprites/player/idle/player-idle-1_Sprite.uexp" 575
"C:/Users/Carlos/Documents/Unreal Projects/Creation2D/Content/SunnyLandAssets/sprites/player/idle/FB_Player_Idle.uasset" 576
"C:/Users/Carlos/Documents/Unreal Projects/Creation2D/Content/SunnyLandAssets/sprites/player/idle/FB_Player_Idle.uexp" 577
"C:/Users/Carlos/Documents/Unreal Projects/Creation2D/Content/Blueprints/BP_Sprite_Character.uasset" 578
"C:/Users/Carlos/Documents/Unreal Projects/Creation2D/Content/Blueprints/BP_Sprite_Character.uexp" 579
"C:/Users/Carlos/Documents/Unreal Projects/Creation2D/Content/Blueprints/PC_Mouse.uasset" 580
"C:/Users/Carlos/Documents/Unreal Projects/Creation2D/Content/Blueprints/PC_Mouse.uexp" 581
"C:/Users/Carlos/Documents/Unreal Projects/Creation2D/Content/Blueprints/GM_BP_Scroller.uasset" 582
"C:/Users/Carlos/Documents/Unreal Projects/Creation2D/Content/Blueprints/GM_BP_Scroller.uexp" 583
"C:/Users/Carlos/Documents/Unreal Projects/Creation2D/Content/Materials/MAT_Blue.uasset" 584
"C:/Users/Carlos/Documents/Unreal Projects/Creation2D/Content/Materials/MAT_Blue.uexp" 585
"C:/Users/Carlos/Documents/Unreal Projects/Creation2D/Content/Materials/MAT_Green.uasset" 586
"C:/Users/Carlos/Documents/Unreal Projects/Creation2D/Content/Materials/MAT_Green.uexp" 587
"C:/Users/Carlos/Documents/Unreal Projects/Creation2D/Content/Materials/MAT_Yellow.uasset" 588
"C:/Users/Carlos/Documents/Unreal Projects/Creation2D/Content/Materials/MAT_Yellow.uexp" 589
"../../../Engine/Content/EngineDebugMaterials/BlackUnlitMaterial.uasset" 590
"../../../Engine/Content/EngineDebugMaterials/BlackUnlitMaterial.uexp" 591
"../../../Engine/Content/BasicShapes/BasicShapeMaterial.uasset" 592
"../../../Engine/Content/BasicShapes/BasicShapeMaterial.uexp" 593
"C:/Users/Carlos/Documents/Unreal Projects/Creation2D/Content/Materials/MAT_Orange.uasset" 594
"C:/Users/Carlos/Documents/Unreal Projects/Creation2D/Content/Materials/MAT_Orange.uexp" 595
"C:/Users/Carlos/Documents/Unreal Projects/Creation2D/Content/Blueprints/BP_JumpingCube.uasset" 596
"C:/Users/Carlos/Documents/Unreal Projects/Creation2D/Content/Blueprints/BP_JumpingCube.uexp" 597
"../../../Engine/Content/MobileResources/HUD/VirtualJoystick_Background.uasset" 598
"../../../Engine/Content/MobileResources/HUD/VirtualJoystick_Background.uexp" 599
"../../../Engine/Content/MobileResources/HUD/VirtualJoystick_Thumb.uasset" 600
"../../../Engine/Content/MobileResources/HUD/VirtualJoystick_Thumb.uexp" 601
"../../../Engine/Content/MobileResources/HUD/DefaultVirtualJoysticks.uasset" 602
"../../../Engine/Content/MobileResources/HUD/DefaultVirtualJoysticks.uexp" 603
"../../../Engine/Content/Tutorial/ContentIntroCurve.uasset" 604
"../../../Engine/Content/Tutorial/ContentIntroCurve.uexp" 605
"../../../Engine/Content/VREditor/TransformGizmo/Main.uasset" 606
"../../../Engine/Content/VREditor/TransformGizmo/Main.uexp" 607
"../../../Engine/Content/VREditor/TransformGizmo/Xray.uasset" 608
"../../../Engine/Content/VREditor/TransformGizmo/Xray.uexp" 609
"../../../Engine/Content/VREditor/TransformGizmo/SM_Sequencer_Node.ubulk" 610
"../../../Engine/Content/VREditor/TransformGizmo/SM_Sequencer_Node.uasset" 611
"../../../Engine/Content/VREditor/TransformGizmo/SM_Sequencer_Node.uexp" 612
"../../../Engine/Content/VREditor/LaserPointer/VR_LaserPower_01.ubulk" 613
"../../../Engine/Content/VREditor/LaserPointer/VR_LaserPower_01.uasset" 614
"../../../Engine/Content/VREditor/LaserPointer/VR_LaserPower_01.uexp" 615
"../../../Engine/Content/VREditor/TransformGizmo/TransformGizmoMaterial.uasset" 616
"../../../Engine/Content/VREditor/TransformGizmo/TransformGizmoMaterial.uexp" 617
"../../../Engine/Content/VREditor/TransformGizmo/TranslucentTransformGizmoMaterial.uasset" 618
"../../../Engine/Content/VREditor/TransformGizmo/TranslucentTransformGizmoMaterial.uexp" 619
"../../../Engine/Content/VREditor/TransformGizmo/PlaneTranslationHandle.ubulk" 620
"../../../Engine/Content/VREditor/TransformGizmo/PlaneTranslationHandle.uasset" 621
"../../../Engine/Content/VREditor/TransformGizmo/PlaneTranslationHandle.uexp" 622
"../../../Engine/Content/VREditor/TransformGizmo/BoundingBoxEdge.ubulk" 623
"../../../Engine/Content/VREditor/TransformGizmo/BoundingBoxEdge.uasset" 624
"../../../Engine/Content/VREditor/TransformGizmo/BoundingBoxEdge.uexp" 625
"../../../Engine/Content/VREditor/TransformGizmo/BoundingBoxCorner.ubulk" 626
"../../../Engine/Content/VREditor/TransformGizmo/BoundingBoxCorner.uasset" 627
"../../../Engine/Content/VREditor/TransformGizmo/BoundingBoxCorner.uexp" 628
"../../../Engine/Plugins/2D/Paper2D/Content/PlaceholderTextures/DummySpriteTexture.ubulk" 629
"../../../Engine/Plugins/2D/Paper2D/Content/PlaceholderTextures/DummySpriteTexture.uasset" 630
"../../../Engine/Plugins/2D/Paper2D/Content/PlaceholderTextures/DummySpriteTexture.uexp" 631
"../../../Engine/Plugins/2D/Paper2D/Content/DefaultSpriteMaterial.uasset" 632
"../../../Engine/Plugins/2D/Paper2D/Content/DefaultSpriteMaterial.uexp" 633
"../../../Engine/Plugins/2D/Paper2D/Content/OpaqueUnlitSpriteMaterial.uasset" 634
"../../../Engine/Plugins/2D/Paper2D/Content/OpaqueUnlitSpriteMaterial.uexp" 635
"../../../Engine/Plugins/2D/Paper2D/Content/MaskedUnlitSpriteMaterial.uasset" 636
"../../../Engine/Plugins/2D/Paper2D/Content/MaskedUnlitSpriteMaterial.uexp" 637
"../../../Engine/Plugins/2D/Paper2D/Content/DummySprite.uasset" 638
"../../../Engine/Plugins/2D/Paper2D/Content/DummySprite.uexp" 639
"../../../Engine/Plugins/2D/Paper2D/Content/DefaultPaperTerrainMaterial.uasset" 640
"../../../Engine/Plugins/2D/Paper2D/Content/DefaultPaperTerrainMaterial.uexp" 641
"../../../Engine/Plugins/Animation/ControlRig/Content/M_Manip.uasset" 642
"../../../Engine/Plugins/Animation/ControlRig/Content/M_Manip.uexp" 643
"../../../Engine/Plugins/Animation/ControlRig/Content/Controls/DefaultGizmoLibraryNormalized.uasset" 644
"../../../Engine/Plugins/Animation/ControlRig/Content/Controls/DefaultGizmoLibraryNormalized.uexp" 645
"../../../Engine/Plugins/Animation/ControlRig/Content/Controls/ControlRig_Wedge_solid.ubulk" 646
"../../../Engine/Plugins/Animation/ControlRig/Content/Controls/ControlRig_Wedge_solid.uasset" 647
"../../../Engine/Plugins/Animation/ControlRig/Content/Controls/ControlRig_Wedge_solid.uexp" 648
"../../../Engine/Plugins/Animation/ControlRig/Content/Controls/ControlRig_Wedge_3mm.ubulk" 649
"../../../Engine/Plugins/Animation/ControlRig/Content/Controls/ControlRig_Wedge_3mm.uasset" 650
"../../../Engine/Plugins/Animation/ControlRig/Content/Controls/ControlRig_Wedge_3mm.uexp" 651
"../../../Engine/Plugins/Animation/ControlRig/Content/Controls/ControlRig_Wedge_1mm.ubulk" 652
"../../../Engine/Plugins/Animation/ControlRig/Content/Controls/ControlRig_Wedge_1mm.uasset" 653
"../../../Engine/Plugins/Animation/ControlRig/Content/Controls/ControlRig_Wedge_1mm.uexp" 654
"../../../Engine/Plugins/Animation/ControlRig/Content/Controls/ControlRig_Triangle_solid.ubulk" 655
"../../../Engine/Plugins/Animation/ControlRig/Content/Controls/ControlRig_Triangle_solid.uasset" 656
"../../../Engine/Plugins/Animation/ControlRig/Content/Controls/ControlRig_Triangle_solid.uexp" 657
"../../../Engine/Plugins/Animation/ControlRig/Content/Controls/ControlRig_Triangle_3mm.ubulk" 658
"../../../Engine/Plugins/Animation/ControlRig/Content/Controls/ControlRig_Triangle_3mm.uasset" 659
"../../../Engine/Plugins/Animation/ControlRig/Content/Controls/ControlRig_Triangle_3mm.uexp" 660
"../../../Engine/Plugins/Animation/ControlRig/Content/Controls/ControlRig_Triangle_1mm.ubulk" 661
"../../../Engine/Plugins/Animation/ControlRig/Content/Controls/ControlRig_Triangle_1mm.uasset" 662
"../../../Engine/Plugins/Animation/ControlRig/Content/Controls/ControlRig_Triangle_1mm.uexp" 663
"../../../Engine/Plugins/Animation/ControlRig/Content/Controls/ControlRig_Star4_solid.ubulk" 664
"../../../Engine/Plugins/Animation/ControlRig/Content/Controls/ControlRig_Star4_solid.uasset" 665
"../../../Engine/Plugins/Animation/ControlRig/Content/Controls/ControlRig_Star4_solid.uexp" 666
"../../../Engine/Plugins/Animation/ControlRig/Content/Controls/ControlRig_Star4_3mm.ubulk" 667
"../../../Engine/Plugins/Animation/ControlRig/Content/Controls/ControlRig_Star4_3mm.uasset" 668
"../../../Engine/Plugins/Animation/ControlRig/Content/Controls/ControlRig_Star4_3mm.uexp" 669
"../../../Engine/Plugins/Animation/ControlRig/Content/Controls/ControlRig_Star4_1mm.ubulk" 670
"../../../Engine/Plugins/Animation/ControlRig/Content/Controls/ControlRig_Star4_1mm.uasset" 671
"../../../Engine/Plugins/Animation/ControlRig/Content/Controls/ControlRig_Star4_1mm.uexp" 672
"../../../Engine/Plugins/Animation/ControlRig/Content/Controls/ControlRig_Square_solid.ubulk" 673
"../../../Engine/Plugins/Animation/ControlRig/Content/Controls/ControlRig_Square_solid.uasset" 674
"../../../Engine/Plugins/Animation/ControlRig/Content/Controls/ControlRig_Square_solid.uexp" 675
"../../../Engine/Plugins/Animation/ControlRig/Content/Controls/ControlRig_Square_3mm.ubulk" 676
"../../../Engine/Plugins/Animation/ControlRig/Content/Controls/ControlRig_Square_3mm.uasset" 677
"../../../Engine/Plugins/Animation/ControlRig/Content/Controls/ControlRig_Square_3mm.uexp" 678
"../../../Engine/Plugins/Animation/ControlRig/Content/Controls/ControlRig_Square_1mm.ubulk" 679
"../../../Engine/Plugins/Animation/ControlRig/Content/Controls/ControlRig_Square_1mm.uasset" 680
"../../../Engine/Plugins/Animation/ControlRig/Content/Controls/ControlRig_Square_1mm.uexp" 681
"../../../Engine/Plugins/Animation/ControlRig/Content/Controls/ControlRig_Sphere_solid.ubulk" 682
"../../../Engine/Plugins/Animation/ControlRig/Content/Controls/ControlRig_Sphere_solid.uasset" 683
"../../../Engine/Plugins/Animation/ControlRig/Content/Controls/ControlRig_Sphere_solid.uexp" 684
"../../../Engine/Plugins/Animation/ControlRig/Content/Controls/ControlRig_Sphere_3mm.ubulk" 685
"../../../Engine/Plugins/Animation/ControlRig/Content/Controls/ControlRig_Sphere_3mm.uasset" 686
"../../../Engine/Plugins/Animation/ControlRig/Content/Controls/ControlRig_Sphere_3mm.uexp" 687
"../../../Engine/Plugins/Animation/ControlRig/Content/Controls/ControlRig_Sphere_1mm.ubulk" 688
"../../../Engine/Plugins/Animation/ControlRig/Content/Controls/ControlRig_Sphere_1mm.uasset" 689
"../../../Engine/Plugins/Animation/ControlRig/Content/Controls/ControlRig_Sphere_1mm.uexp" 690
"../../../Engine/Plugins/Animation/ControlRig/Content/Controls/ControlRig_RoundedTriangle_solid.ubulk" 691
"../../../Engine/Plugins/Animation/ControlRig/Content/Controls/ControlRig_RoundedTriangle_solid.uasset" 692
"../../../Engine/Plugins/Animation/ControlRig/Content/Controls/ControlRig_RoundedTriangle_solid.uexp" 693
"../../../Engine/Plugins/Animation/ControlRig/Content/Controls/ControlRig_RoundedTriangle_3mm.ubulk" 694
"../../../Engine/Plugins/Animation/ControlRig/Content/Controls/ControlRig_RoundedTriangle_3mm.uasset" 695
"../../../Engine/Plugins/Animation/ControlRig/Content/Controls/ControlRig_RoundedTriangle_3mm.uexp" 696
"../../../Engine/Plugins/Animation/ControlRig/Content/Controls/ControlRig_RoundedTriangle_1mm.ubulk" 697
"../../../Engine/Plugins/Animation/ControlRig/Content/Controls/ControlRig_RoundedTriangle_1mm.uasset" 698
"../../../Engine/Plugins/Animation/ControlRig/Content/Controls/ControlRig_RoundedTriangle_1mm.uexp" 699
"../../../Engine/Plugins/Animation/ControlRig/Content/Controls/ControlRig_RoundedSquare_solid.ubulk" 700
"../../../Engine/Plugins/Animation/ControlRig/Content/Controls/ControlRig_RoundedSquare_solid.uasset" 701
"../../../Engine/Plugins/Animation/ControlRig/Content/Controls/ControlRig_RoundedSquare_solid.uexp" 702
"../../../Engine/Plugins/Animation/ControlRig/Content/Controls/ControlRig_RoundedSquare_3mm.ubulk" 703
"../../../Engine/Plugins/Animation/ControlRig/Content/Controls/ControlRig_RoundedSquare_3mm.uasset" 704
"../../../Engine/Plugins/Animation/ControlRig/Content/Controls/ControlRig_RoundedSquare_3mm.uexp" 705
"../../../Engine/Plugins/Animation/ControlRig/Content/Controls/ControlRig_RoundedSquare_1mm.ubulk" 706
"../../../Engine/Plugins/Animation/ControlRig/Content/Controls/ControlRig_RoundedSquare_1mm.uasset" 707
"../../../Engine/Plugins/Animation/ControlRig/Content/Controls/ControlRig_RoundedSquare_1mm.uexp" 708
"../../../Engine/Plugins/Animation/ControlRig/Content/Controls/ControlRig_QuarterCircle_solid.ubulk" 709
"../../../Engine/Plugins/Animation/ControlRig/Content/Controls/ControlRig_QuarterCircle_solid.uasset" 710
"../../../Engine/Plugins/Animation/ControlRig/Content/Controls/ControlRig_QuarterCircle_solid.uexp" 711
"../../../Engine/Plugins/Animation/ControlRig/Content/Controls/ControlRig_QuarterCircle_3mm.ubulk" 712
"../../../Engine/Plugins/Animation/ControlRig/Content/Controls/ControlRig_QuarterCircle_3mm.uasset" 713
"../../../Engine/Plugins/Animation/ControlRig/Content/Controls/ControlRig_QuarterCircle_3mm.uexp" 714
"../../../Engine/Plugins/Animation/ControlRig/Content/Controls/ControlRig_QuarterCircle_1mm.ubulk" 715
"../../../Engine/Plugins/Animation/ControlRig/Content/Controls/ControlRig_QuarterCircle_1mm.uasset" 716
"../../../Engine/Plugins/Animation/ControlRig/Content/Controls/ControlRig_QuarterCircle_1mm.uexp" 717
"../../../Engine/Plugins/Animation/ControlRig/Content/Controls/ControlRig_Pyramid_solid.ubulk" 718
"../../../Engine/Plugins/Animation/ControlRig/Content/Controls/ControlRig_Pyramid_solid.uasset" 719
"../../../Engine/Plugins/Animation/ControlRig/Content/Controls/ControlRig_Pyramid_solid.uexp" 720
"../../../Engine/Plugins/Animation/ControlRig/Content/Controls/ControlRig_Pyramid_3mm.ubulk" 721
"../../../Engine/Plugins/Animation/ControlRig/Content/Controls/ControlRig_Pyramid_3mm.uasset" 722
"../../../Engine/Plugins/Animation/ControlRig/Content/Controls/ControlRig_Pyramid_3mm.uexp" 723
"../../../Engine/Plugins/Animation/ControlRig/Content/Controls/ControlRig_Pyramid_1mm.ubulk" 724
"../../../Engine/Plugins/Animation/ControlRig/Content/Controls/ControlRig_Pyramid_1mm.uasset" 725
"../../../Engine/Plugins/Animation/ControlRig/Content/Controls/ControlRig_Pyramid_1mm.uexp" 726
"../../../Engine/Plugins/Animation/ControlRig/Content/Controls/ControlRig_Octagon_solid.ubulk" 727
"../../../Engine/Plugins/Animation/ControlRig/Content/Controls/ControlRig_Octagon_solid.uasset" 728
"../../../Engine/Plugins/Animation/ControlRig/Content/Controls/ControlRig_Octagon_solid.uexp" 729
"../../../Engine/Plugins/Animation/ControlRig/Content/Controls/ControlRig_Octagon_3mm.ubulk" 730
"../../../Engine/Plugins/Animation/ControlRig/Content/Controls/ControlRig_Octagon_3mm.uasset" 731
"../../../Engine/Plugins/Animation/ControlRig/Content/Controls/ControlRig_Octagon_3mm.uexp" 732
"../../../Engine/Plugins/Animation/ControlRig/Content/Controls/ControlRig_Octagon_1mm.ubulk" 733
"../../../Engine/Plugins/Animation/ControlRig/Content/Controls/ControlRig_Octagon_1mm.uasset" 734
"../../../Engine/Plugins/Animation/ControlRig/Content/Controls/ControlRig_Octagon_1mm.uexp" 735
"../../../Engine/Plugins/Animation/ControlRig/Content/Controls/ControlRig_Hexagon_solid.ubulk" 736
"../../../Engine/Plugins/Animation/ControlRig/Content/Controls/ControlRig_Hexagon_solid.uasset" 737
"../../../Engine/Plugins/Animation/ControlRig/Content/Controls/ControlRig_Hexagon_solid.uexp" 738
"../../../Engine/Plugins/Animation/ControlRig/Content/Controls/ControlRig_Hexagon_3mm.ubulk" 739
"../../../Engine/Plugins/Animation/ControlRig/Content/Controls/ControlRig_Hexagon_3mm.uasset" 740
"../../../Engine/Plugins/Animation/ControlRig/Content/Controls/ControlRig_Hexagon_3mm.uexp" 741
"../../../Engine/Plugins/Animation/ControlRig/Content/Controls/ControlRig_Hexagon_1mm.ubulk" 742
"../../../Engine/Plugins/Animation/ControlRig/Content/Controls/ControlRig_Hexagon_1mm.uasset" 743
"../../../Engine/Plugins/Animation/ControlRig/Content/Controls/ControlRig_Hexagon_1mm.uexp" 744
"../../../Engine/Plugins/Animation/ControlRig/Content/Controls/ControlRig_HalfCircle_solid.ubulk" 745
"../../../Engine/Plugins/Animation/ControlRig/Content/Controls/ControlRig_HalfCircle_solid.uasset" 746
"../../../Engine/Plugins/Animation/ControlRig/Content/Controls/ControlRig_HalfCircle_solid.uexp" 747
"../../../Engine/Plugins/Animation/ControlRig/Content/Controls/ControlRig_HalfCircle_3mm.ubulk" 748
"../../../Engine/Plugins/Animation/ControlRig/Content/Controls/ControlRig_HalfCircle_3mm.uasset" 749
"../../../Engine/Plugins/Animation/ControlRig/Content/Controls/ControlRig_HalfCircle_3mm.uexp" 750
"../../../Engine/Plugins/Animation/ControlRig/Content/Controls/ControlRig_HalfCircle_1mm.ubulk" 751
"../../../Engine/Plugins/Animation/ControlRig/Content/Controls/ControlRig_HalfCircle_1mm.uasset" 752
"../../../Engine/Plugins/Animation/ControlRig/Content/Controls/ControlRig_HalfCircle_1mm.uexp" 753
"../../../Engine/Plugins/Animation/ControlRig/Content/Controls/ControlRig_Diamond_solid.ubulk" 754
"../../../Engine/Plugins/Animation/ControlRig/Content/Controls/ControlRig_Diamond_solid.uasset" 755
"../../../Engine/Plugins/Animation/ControlRig/Content/Controls/ControlRig_Diamond_solid.uexp" 756
"../../../Engine/Plugins/Animation/ControlRig/Content/Controls/ControlRig_Diamond_3mm.ubulk" 757
"../../../Engine/Plugins/Animation/ControlRig/Content/Controls/ControlRig_Diamond_3mm.uasset" 758
"../../../Engine/Plugins/Animation/ControlRig/Content/Controls/ControlRig_Diamond_3mm.uexp" 759
"../../../Engine/Plugins/Animation/ControlRig/Content/Controls/ControlRig_Diamond_1mm.ubulk" 760
"../../../Engine/Plugins/Animation/ControlRig/Content/Controls/ControlRig_Diamond_1mm.uasset" 761
"../../../Engine/Plugins/Animation/ControlRig/Content/Controls/ControlRig_Diamond_1mm.uexp" 762
"../../../Engine/Plugins/Animation/ControlRig/Content/Controls/ControlRig_Circle_solid.ubulk" 763
"../../../Engine/Plugins/Animation/ControlRig/Content/Controls/ControlRig_Circle_solid.uasset" 764
"../../../Engine/Plugins/Animation/ControlRig/Content/Controls/ControlRig_Circle_solid.uexp" 765
"../../../Engine/Plugins/Animation/ControlRig/Content/Controls/ControlRig_Circle_3mm.ubulk" 766
"../../../Engine/Plugins/Animation/ControlRig/Content/Controls/ControlRig_Circle_3mm.uasset" 767
"../../../Engine/Plugins/Animation/ControlRig/Content/Controls/ControlRig_Circle_3mm.uexp" 768
"../../../Engine/Plugins/Animation/ControlRig/Content/Controls/ControlRig_Circle_1mm.ubulk" 769
"../../../Engine/Plugins/Animation/ControlRig/Content/Controls/ControlRig_Circle_1mm.uasset" 770
"../../../Engine/Plugins/Animation/ControlRig/Content/Controls/ControlRig_Circle_1mm.uexp" 771
"../../../Engine/Plugins/Animation/ControlRig/Content/Controls/ControlRig_Box_solid.ubulk" 772
"../../../Engine/Plugins/Animation/ControlRig/Content/Controls/ControlRig_Box_solid.uasset" 773
"../../../Engine/Plugins/Animation/ControlRig/Content/Controls/ControlRig_Box_solid.uexp" 774
"../../../Engine/Plugins/Animation/ControlRig/Content/Controls/ControlRig_Box_3mm.ubulk" 775
"../../../Engine/Plugins/Animation/ControlRig/Content/Controls/ControlRig_Box_3mm.uasset" 776
"../../../Engine/Plugins/Animation/ControlRig/Content/Controls/ControlRig_Box_3mm.uexp" 777
"../../../Engine/Plugins/Animation/ControlRig/Content/Controls/ControlRig_Box_1mm.ubulk" 778
"../../../Engine/Plugins/Animation/ControlRig/Content/Controls/ControlRig_Box_1mm.uasset" 779
"../../../Engine/Plugins/Animation/ControlRig/Content/Controls/ControlRig_Box_1mm.uexp" 780
"../../../Engine/Plugins/Animation/ControlRig/Content/Controls/ControlRig_Arrow_solid.ubulk" 781
"../../../Engine/Plugins/Animation/ControlRig/Content/Controls/ControlRig_Arrow_solid.uasset" 782
"../../../Engine/Plugins/Animation/ControlRig/Content/Controls/ControlRig_Arrow_solid.uexp" 783
"../../../Engine/Plugins/Animation/ControlRig/Content/Controls/ControlRig_Arrow_3mm.ubulk" 784
"../../../Engine/Plugins/Animation/ControlRig/Content/Controls/ControlRig_Arrow_3mm.uasset" 785
"../../../Engine/Plugins/Animation/ControlRig/Content/Controls/ControlRig_Arrow_3mm.uexp" 786
"../../../Engine/Plugins/Animation/ControlRig/Content/Controls/ControlRig_Arrow_1mm.ubulk" 787
"../../../Engine/Plugins/Animation/ControlRig/Content/Controls/ControlRig_Arrow_1mm.uasset" 788
"../../../Engine/Plugins/Animation/ControlRig/Content/Controls/ControlRig_Arrow_1mm.uexp" 789
"../../../Engine/Plugins/Animation/ControlRig/Content/Controls/ControlRig_Arrow4_solid.ubulk" 790
"../../../Engine/Plugins/Animation/ControlRig/Content/Controls/ControlRig_Arrow4_solid.uasset" 791
"../../../Engine/Plugins/Animation/ControlRig/Content/Controls/ControlRig_Arrow4_solid.uexp" 792
"../../../Engine/Plugins/Animation/ControlRig/Content/Controls/ControlRig_Arrow4_3mm.ubulk" 793
"../../../Engine/Plugins/Animation/ControlRig/Content/Controls/ControlRig_Arrow4_3mm.uasset" 794
"../../../Engine/Plugins/Animation/ControlRig/Content/Controls/ControlRig_Arrow4_3mm.uexp" 795
"../../../Engine/Plugins/Animation/ControlRig/Content/Controls/ControlRig_Arrow4_1mm.ubulk" 796
"../../../Engine/Plugins/Animation/ControlRig/Content/Controls/ControlRig_Arrow4_1mm.uasset" 797
"../../../Engine/Plugins/Animation/ControlRig/Content/Controls/ControlRig_Arrow4_1mm.uexp" 798
"../../../Engine/Plugins/Animation/ControlRig/Content/Controls/ControlRig_Arrow2_solid.ubulk" 799
"../../../Engine/Plugins/Animation/ControlRig/Content/Controls/ControlRig_Arrow2_solid.uasset" 800
"../../../Engine/Plugins/Animation/ControlRig/Content/Controls/ControlRig_Arrow2_solid.uexp" 801
"../../../Engine/Plugins/Animation/ControlRig/Content/Controls/ControlRig_Arrow2_3mm.ubulk" 802
"../../../Engine/Plugins/Animation/ControlRig/Content/Controls/ControlRig_Arrow2_3mm.uasset" 803
"../../../Engine/Plugins/Animation/ControlRig/Content/Controls/ControlRig_Arrow2_3mm.uexp" 804
"../../../Engine/Plugins/Animation/ControlRig/Content/Controls/ControlRig_Arrow2_1mm.ubulk" 805
"../../../Engine/Plugins/Animation/ControlRig/Content/Controls/ControlRig_Arrow2_1mm.uasset" 806
"../../../Engine/Plugins/Animation/ControlRig/Content/Controls/ControlRig_Arrow2_1mm.uexp" 807
"../../../Engine/Plugins/Animation/ControlRig/Content/Controls/ControlRigGizmoMaterial.uasset" 808
"../../../Engine/Plugins/Animation/ControlRig/Content/Controls/ControlRigGizmoMaterial.uexp" 809
"../../../Engine/Plugins/Editor/SpeedTreeImporter/Content/SpeedTree9/game_wind_noise.ubulk" 810
"../../../Engine/Plugins/Editor/SpeedTreeImporter/Content/SpeedTree9/game_wind_noise.uasset" 811
"../../../Engine/Plugins/Editor/SpeedTreeImporter/Content/SpeedTree9/game_wind_noise.uexp" 812
"../../../Engine/Plugins/Editor/SpeedTreeImporter/Content/SpeedTree9/UnpackDirection.uasset" 813
"../../../Engine/Plugins/Editor/SpeedTreeImporter/Content/SpeedTree9/UnpackDirection.uexp" 814
"../../../Engine/Content/Functions/Engine_MaterialFunctions02/ObjectLocalBounds.uasset" 815
"../../../Engine/Content/Functions/Engine_MaterialFunctions02/ObjectLocalBounds.uexp" 816
"../../../Engine/Content/Functions/Engine_MaterialFunctions02/UVs/BoundingBoxBased_0-1_UVW.uasset" 817
"../../../Engine/Content/Functions/Engine_MaterialFunctions02/UVs/BoundingBoxBased_0-1_UVW.uexp" 818
"../../../Engine/Content/Functions/Engine_MaterialFunctions02/Utility/VectorLength.uasset" 819
"../../../Engine/Content/Functions/Engine_MaterialFunctions02/Utility/VectorLength.uexp" 820
"../../../Engine/Plugins/Editor/SpeedTreeImporter/Content/SpeedTree9/UnpackInteger3.uasset" 821
"../../../Engine/Plugins/Editor/SpeedTreeImporter/Content/SpeedTree9/UnpackInteger3.uexp" 822
"../../../Engine/Plugins/Editor/SpeedTreeImporter/Content/SpeedTree9/SpeedTreeCameraFacing.uasset" 823
"../../../Engine/Plugins/Editor/SpeedTreeImporter/Content/SpeedTree9/SpeedTreeCameraFacing.uexp" 824
"../../../Engine/Content/Functions/Engine_MaterialFunctions02/WorldPositionOffset/ObjectScale.uasset" 825
"../../../Engine/Content/Functions/Engine_MaterialFunctions02/WorldPositionOffset/ObjectScale.uexp" 826
"../../../Engine/Content/Functions/Engine_MaterialFunctions02/SafeNormalize.uasset" 827
"../../../Engine/Content/Functions/Engine_MaterialFunctions02/SafeNormalize.uexp" 828
"../../../Engine/Plugins/Editor/SpeedTreeImporter/Content/SpeedTree9/SpeedTreeWindMotion.uasset" 829
"../../../Engine/Plugins/Editor/SpeedTreeImporter/Content/SpeedTree9/SpeedTreeWindMotion.uexp" 830
"../../../Engine/Plugins/Editor/SpeedTreeImporter/Content/SpeedTree9/SpeedTreeBranchMotion.uasset" 831
"../../../Engine/Plugins/Editor/SpeedTreeImporter/Content/SpeedTree9/SpeedTreeBranchMotion.uexp" 832
"../../../Engine/Plugins/Editor/SpeedTreeImporter/Content/SpeedTree9/SpeedTreeWind.uasset" 833
"../../../Engine/Plugins/Editor/SpeedTreeImporter/Content/SpeedTree9/SpeedTreeWind.uexp" 834
"../../../Engine/Plugins/Editor/SpeedTreeImporter/Content/SpeedTree9/EmptyNormal.uasset" 835
"../../../Engine/Plugins/Editor/SpeedTreeImporter/Content/SpeedTree9/EmptyNormal.uexp" 836
"../../../Engine/Plugins/Editor/SpeedTreeImporter/Content/SpeedTree9/Empty.uasset" 837
"../../../Engine/Plugins/Editor/SpeedTreeImporter/Content/SpeedTree9/Empty.uexp" 838
"../../../Engine/Plugins/Editor/SpeedTreeImporter/Content/SpeedTree9/SpeedTreeMaster.uasset" 839
"../../../Engine/Plugins/Editor/SpeedTreeImporter/Content/SpeedTree9/SpeedTreeMaster.uexp" 840
"../../../Engine/Plugins/Editor/SpeedTreeImporter/Content/SpeedTree9/SpeedTreeBillboard.uasset" 841
"../../../Engine/Plugins/Editor/SpeedTreeImporter/Content/SpeedTree9/SpeedTreeBillboard.uexp" 842
"../../../Engine/Plugins/Editor/SpeedTreeImporter/Content/SpeedTree9/SpeedTreeBillboardMaster.uasset" 843
"../../../Engine/Plugins/Editor/SpeedTreeImporter/Content/SpeedTree9/SpeedTreeBillboardMaster.uexp" 844
"../../../Engine/Plugins/Runtime/HairStrands/Content/Materials/HairMeshesDefaultMaterial.uasset" 845
"../../../Engine/Plugins/Runtime/HairStrands/Content/Materials/HairMeshesDefaultMaterial.uexp" 846
"../../../Engine/Plugins/Runtime/HairStrands/Content/Materials/HairDefaultMaterial.uasset" 847
"../../../Engine/Plugins/Runtime/HairStrands/Content/Materials/HairDefaultMaterial.uexp" 848
"../../../Engine/Plugins/Runtime/HairStrands/Content/Materials/HairGroupColors.uasset" 849
"../../../Engine/Plugins/Runtime/HairStrands/Content/Materials/HairGroupColors.uexp" 850
"../../../Engine/Content/EngineMaterials/HairColorMap.uasset" 851
"../../../Engine/Content/EngineMaterials/HairColorMap.uexp" 852
"../../../Engine/Content/EngineMaterials/HairDebugColor.uasset" 853
"../../../Engine/Content/EngineMaterials/HairDebugColor.uexp" 854
"../../../Engine/Plugins/Runtime/HairStrands/Content/Materials/HairDebugMaterial.uasset" 855
"../../../Engine/Plugins/Runtime/HairStrands/Content/Materials/HairDebugMaterial.uexp" 856
"../../../Engine/Plugins/Runtime/HairStrands/Content/Materials/HairCardsDefaultMaterial.uasset" 857
"../../../Engine/Plugins/Runtime/HairStrands/Content/Materials/HairCardsDefaultMaterial.uexp" 858
"C:/Users/Carlos/Documents/Unreal Projects/Creation2D/Content/Maps/UI_MainMenu.uexp" 859
"C:/Users/Carlos/Documents/Unreal Projects/Creation2D/Content/Maps/UI_MainMenu.umap" 860
"../../../Engine/Content/Maps/Entry_BuiltData.uasset" 861
"../../../Engine/Content/Maps/Entry_BuiltData.uexp" 862
"../../../Engine/Content/Maps/Entry.uexp" 863
"../../../Engine/Content/Maps/Entry.umap" 864
"C:/Users/Carlos/Documents/Unreal Projects/Creation2D/Content/LowPolyAssets/metal.uasset" 865
"C:/Users/Carlos/Documents/Unreal Projects/Creation2D/Content/LowPolyAssets/metal.uexp" 866
"C:/Users/Carlos/Documents/Unreal Projects/Creation2D/Content/LowPolyAssets/light.uasset" 867
"C:/Users/Carlos/Documents/Unreal Projects/Creation2D/Content/LowPolyAssets/light.uexp" 868
"C:/Users/Carlos/Documents/Unreal Projects/Creation2D/Content/LowPolyAssets/stone.uasset" 869
"C:/Users/Carlos/Documents/Unreal Projects/Creation2D/Content/LowPolyAssets/stone.uexp" 870
"C:/Users/Carlos/Documents/Unreal Projects/Creation2D/Content/LowPolyAssets/lightpostAll.ubulk" 871
"C:/Users/Carlos/Documents/Unreal Projects/Creation2D/Content/LowPolyAssets/lightpostAll.uasset" 872
"C:/Users/Carlos/Documents/Unreal Projects/Creation2D/Content/LowPolyAssets/lightpostAll.uexp" 873
"C:/Users/Carlos/Documents/Unreal Projects/Creation2D/Content/Blueprints/BP_End.uasset" 874
"C:/Users/Carlos/Documents/Unreal Projects/Creation2D/Content/Blueprints/BP_End.uexp" 875
"C:/Users/Carlos/Documents/Unreal Projects/Creation2D/Content/Blueprints/BP_ResetColour.uasset" 876
"C:/Users/Carlos/Documents/Unreal Projects/Creation2D/Content/Blueprints/BP_ResetColour.uexp" 877
"../../../Engine/Content/VREditor/UI/ArrowMaterial.uasset" 878
"../../../Engine/Content/VREditor/UI/ArrowMaterial.uexp" 879
"C:/Users/Carlos/Documents/Unreal Projects/Creation2D/Content/Blueprints/BP_ColorSwitch.uasset" 880
"C:/Users/Carlos/Documents/Unreal Projects/Creation2D/Content/Blueprints/BP_ColorSwitch.uexp" 881
"C:/Users/Carlos/Documents/Unreal Projects/Creation2D/Content/SunnyLandAssets/environment/layers/middle.uasset" 882
"C:/Users/Carlos/Documents/Unreal Projects/Creation2D/Content/SunnyLandAssets/environment/layers/middle.uexp" 883
"C:/Users/Carlos/Documents/Unreal Projects/Creation2D/Content/SunnyLandAssets/environment/layers/middle_Sprite.uasset" 884
"C:/Users/Carlos/Documents/Unreal Projects/Creation2D/Content/SunnyLandAssets/environment/layers/middle_Sprite.uexp" 885
"C:/Users/Carlos/Documents/Unreal Projects/Creation2D/Content/SunnyLandAssets/environment/layers/TileSet_AllCollisions.uasset" 886
"C:/Users/Carlos/Documents/Unreal Projects/Creation2D/Content/SunnyLandAssets/environment/layers/TileSet_AllCollisions.uexp" 887
"C:/Users/Carlos/Documents/Unreal Projects/Creation2D/Content/SunnyLandAssets/environment/layers/TileMaps/TileMap1.uasset" 888
"C:/Users/Carlos/Documents/Unreal Projects/Creation2D/Content/SunnyLandAssets/environment/layers/TileMaps/TileMap1.uexp" 889
"C:/Users/Carlos/Documents/Unreal Projects/Creation2D/Content/Maps/Level1.uexp" 890
"C:/Users/Carlos/Documents/Unreal Projects/Creation2D/Content/Maps/Level1.umap" 891
"C:/Users/Carlos/Documents/Unreal Projects/Creation2D/Content/SunnyLandAssets/environment/layers/TileMaps/TileMap2.uasset" 892
"C:/Users/Carlos/Documents/Unreal Projects/Creation2D/Content/SunnyLandAssets/environment/layers/TileMaps/TileMap2.uexp" 893
"C:/Users/Carlos/Documents/Unreal Projects/Creation2D/Content/Maps/Level2.uexp" 894
"C:/Users/Carlos/Documents/Unreal Projects/Creation2D/Content/Maps/Level2.umap" 895
"C:/Users/Carlos/Documents/Unreal Projects/Creation2D/Content/SunnyLandAssets/environment/layers/TileMaps/TileMap3.uasset" 896
"C:/Users/Carlos/Documents/Unreal Projects/Creation2D/Content/SunnyLandAssets/environment/layers/TileMaps/TileMap3.uexp" 897
"C:/Users/Carlos/Documents/Unreal Projects/Creation2D/Content/Maps/Level3.uexp" 898
"C:/Users/Carlos/Documents/Unreal Projects/Creation2D/Content/Maps/Level3.umap" 899
"C:/Users/Carlos/Documents/Unreal Projects/Creation2D/Content/SunnyLandAssets/environment/layers/TileMaps/TileMap4.uasset" 900
"C:/Users/Carlos/Documents/Unreal Projects/Creation2D/Content/SunnyLandAssets/environment/layers/TileMaps/TileMap4.uexp" 901
"C:/Users/Carlos/Documents/Unreal Projects/Creation2D/Content/Maps/Level4.uexp" 902
"C:/Users/Carlos/Documents/Unreal Projects/Creation2D/Content/Maps/Level4.umap" 903
"C:/Users/Carlos/Documents/Unreal Projects/Creation2D/Content/SunnyLandAssets/environment/layers/TileMaps/TileMap5.uasset" 904
"C:/Users/Carlos/Documents/Unreal Projects/Creation2D/Content/SunnyLandAssets/environment/layers/TileMaps/TileMap5.uexp" 905
"C:/Users/Carlos/Documents/Unreal Projects/Creation2D/Content/Maps/Level5.uexp" 906
"C:/Users/Carlos/Documents/Unreal Projects/Creation2D/Content/Maps/Level5.umap" 907
"C:/Users/Carlos/Documents/Unreal Projects/Creation2D/Content/SunnyLandAssets/environment/layers/TileMaps/TileMap6.uasset" 908
"C:/Users/Carlos/Documents/Unreal Projects/Creation2D/Content/SunnyLandAssets/environment/layers/TileMaps/TileMap6.uexp" 909
"C:/Users/Carlos/Documents/Unreal Projects/Creation2D/Content/Maps/Level6.uexp" 910
"C:/Users/Carlos/Documents/Unreal Projects/Creation2D/Content/Maps/Level6.umap" 911
"C:/Users/Carlos/Documents/Unreal Projects/Creation2D/Content/Maps/MapDemo.uexp" 912
"C:/Users/Carlos/Documents/Unreal Projects/Creation2D/Content/Maps/MapDemo.umap" 913
